[21:06:16] [Render thread/INFO] [JMLogger] JourneyMap log initialized.
[21:06:16] [Render thread/INFO] [JourneymapClient] initialize ENTER
[21:06:16] [Render thread/INFO] [ClientAPI] [ClientAPI] built with JourneyMap API 1.9-SNAPSHOT
[21:06:16] [Render thread/INFO] [PluginHelper] Initializing plugins with Client API: journeymap.client.api.impl.ClientAPI
[21:06:17] [Render thread/INFO] [ThemeLoader] Preloaded theme textures: 73
[21:06:17] [Render thread/INFO] [?] Version: JourneyMap 1.19.2-5.9.2, built with fabric 0.66.0+1.19.2
fabric: 0.14.10
Environment: os.name, os.arch, java.version, user.country, user.language=null, game language=zh_cn, locale=en_us
Features: 
	RadarPlayers : singleplayer = true , multiplayer = true
	RadarAnimals : singleplayer = true , multiplayer = true
	RadarMobs : singleplayer = true , multiplayer = true
	RadarVillagers : singleplayer = true , multiplayer = true
	MapTopo : singleplayer = true , multiplayer = true
	MapSurface : singleplayer = true , multiplayer = true
	MapCaves : singleplayer = true , multiplayer = true
	MapBiome : singleplayer = true , multiplayer = true
MiniMapProperties{state=Valid, file=journeymap.minimap.config, configVersion=5.9.2, zoomLevel=0, compassFontScale=1.0, terrainAlpha=100, showEntityNames=true, positionX=0.9, positionY=0.25, effectVertical=false, showPlayerHeading=true, sizePercent=30, playerDisplayScale=1.0, showDayNight=true, showPets=true, preferredMapType=night, showCompass=true, mobDisplay=jm.common.entity_display.dots, systemTimeRealFormat=HH:mm:ss, shape=jm.minimap.shape_circle, showSelf=true, selfDisplayScale=1.0, showGrid=true, reticleOrientation=jm.minimap.orientation.compass, gameTimeRealFormat=HH:mm:ss, effectTranslateX=-406, showWaypoints=true, minimapKeyMovementSpeed=0.001, showAnimals=true, infoSlotAlpha=0.7, effectTranslateY=0, showWaypointLabels=true, moveEffectIcons=true, position=jm.minimap.position_topright, fontScale=1.5, showPlayers=true, waypointIconScale=1.0, frameAlpha=100, effectReversed=false, backgroundAlpha=0.8, enabled=true, showVillagers=true, info2Label=jm.theme.labelsource.gametime, info3Label=jm.theme.labelsource.location, showMobs=true, waypointLabelScale=1.0, showReticle=true, orientation=jm.minimap.orientation.north, info4Label=jm.theme.labelsource.biome, locationFormat=xzyv, playerDisplay=jm.common.entity_display.dots, mobDisplayScale=1.0, showCaves=true, showMobHeading=true, locationFormatVerbose=true, info1Label=jm.theme.labelsource.blank}
MiniMapProperties{state=Valid, file=journeymap.minimap2.config, configVersion=5.9.2, zoomLevel=0, compassFontScale=1.0, terrainAlpha=100, showEntityNames=true, positionX=0.9, positionY=0.25, effectVertical=false, showPlayerHeading=true, sizePercent=30, playerDisplayScale=1.0, showDayNight=true, showPets=true, preferredMapType=day, showCompass=true, mobDisplay=jm.common.entity_display.dots, systemTimeRealFormat=HH:mm:ss, shape=jm.minimap.shape_rectangle, showSelf=true, selfDisplayScale=1.0, showGrid=true, reticleOrientation=jm.minimap.orientation.compass, gameTimeRealFormat=HH:mm:ss, effectTranslateX=-194, showWaypoints=true, minimapKeyMovementSpeed=0.001, showAnimals=true, infoSlotAlpha=0.7, effectTranslateY=0, showWaypointLabels=true, moveEffectIcons=true, position=jm.minimap.position_topright, fontScale=1.0, showPlayers=true, waypointIconScale=1.0, frameAlpha=100, effectReversed=false, backgroundAlpha=0.8, enabled=false, showVillagers=true, info2Label=jm.theme.labelsource.gametime, info3Label=jm.theme.labelsource.location, showMobs=true, waypointLabelScale=1.0, showReticle=true, orientation=jm.minimap.orientation.north, info4Label=jm.theme.labelsource.biome, locationFormat=xzyv, playerDisplay=jm.common.entity_display.dots, mobDisplayScale=1.0, showCaves=true, showMobHeading=true, locationFormatVerbose=true, info1Label=jm.theme.labelsource.blank}
FullMapProperties{state=Valid, file=journeymap.fullmap.config, configVersion=5.9.2, zoomLevel=2, showPlayers=true, waypointIconScale=1.0, showEntityNames=true, showPlayerHeading=true, showVillagers=true, showPlayerLoc=true, showKeys=true, playerDisplayScale=1.0, showMobs=true, showPets=true, waypointLabelScale=1.0, preferredMapType=day, mobDisplay=jm.common.entity_display.dots, showSelf=true, locationFormat=xzyv, playerDisplay=jm.common.entity_display.dots, mobDisplayScale=1.0, selfDisplayScale=1.0, showGrid=true, showMouseLoc=true, showWaypoints=true, showCaves=true, showAnimals=true, dragScale=1, showMobHeading=true, showWaypointLabels=true, locationFormatVerbose=true, fontScale=2.0}
WaypointProperties{state=Valid, file=journeymap.waypoint.config, configVersion=5.9.2, autoRemoveDeathpointDistance=2, dateFormat=MM-dd-yyyy, autoRemoveDeathpoints=false, fullscreenDoubleClickToCreate=true, managerDimensionFocus=false, minDistance=4, boldLabel=false, textureSmall=true, showDeathpointlabel=true, beaconEnabled=true, createDeathpoints=true, showName=true, disableStrikeThrough=false, maxDistance=0, autoHideLabel=true, autoRemoveTempWaypoints=2, teleportCommand=/tp {name} {x} {y} {z}, showStaticBeam=true, shaderBeacon=false, timeFormat=HH:mm:ss, showDeviationLabel=false, showDistance=true, showRotatingBeam=true, fontScale=2.0, showTexture=true, managerEnabled=true}
WebMapProperties{state=Valid, file=journeymap.webmap.config, configVersion=5.9.2, port=8060, enabled=false}
CoreProperties{state=Valid, file=journeymap.core.config, configVersion=5.9.2, verboseColorPalette=false, maxPlayersData=32, mapSurfaceAboveCaves=true, dataCachingEnabled=true, optionsManagerViewed=5.9.2, announceMod=true, colorPassive=#bbbbbb, mapBlendWater=false, renderDistanceSurfaceMax=0, seedId=true, radarVerticalDistance=16, mapBlendGrass=true, recordCacheStats=false, hideSneakingEntities=true, revealShape=jm.minimap.shape_circle, mapBiome=true, alwaysMapSurface=false, colorVillager=#88e188, mapPlants=false, colorPet=#0077ff, radarLateralDistance=64, mapBathymetry=false, mapCrops=true, maxMobsData=32, mapPlantShadows=false, alwaysMapCaves=false, checkUpdates=true, mapBlendFoliage=true, hideSpectators=false, mappingEnabled=true, colorPlayer=#ffffff, tileHighDisplayQuality=true, cacheVillagersData=2200, logLevel=INFO, maxVillagersData=32, mapWaterBiomeColors=false, maxAnimalsData=32, mapTransparency=true, caveBlackAsClear=false, tileRenderType=1, caveIgnoreGlass=true, mapTopography=true, renderDistanceCaveMax=0, mapAntialiasing=true, colorSelf=#0000ff, cachePlayersData=2000, cacheMobsData=3000, cachePlayerData=1000, splashViewed=5.9.2, colorHostile=#ff0000, cacheAnimalsData=3100, themeName=OceanMonument, mapCaveLighting=true, renderDelay=2, glErrorChecking=false, autoMapPoll=2000}
[21:06:17] [Render thread/INFO] [JourneymapClient] initialize EXIT, elapsed count 1 avg 1674.77ms
[21:06:17] [Render thread/INFO] [JourneymapClient] postInitialize EXIT, elapsed count 1 avg 14.83ms
[21:06:20] [JM-VersionCheck-1/INFO] [VersionCheck] Newer version online: JourneyMap 5.9.7 for Minecraft 1.19.2 on https://www.curseforge.com/minecraft/mc-mods/journeymap/files/4532890
[21:06:23] [Render thread/INFO] [ColorManager] Loaded color palette for 880 blockstates in 658ms
[21:06:23] [Render thread/INFO] [ColorManager] Loaded color palette for 880 blockstates in 52ms
[21:06:23] [Render thread/INFO] [ColorManager] Loaded color palette for 880 blockstates in 49ms
[21:06:23] [Render thread/INFO] [ColorManager] Loaded color palette for 880 blockstates in 48ms
[21:06:23] [Render thread/INFO] [ColorManager] Loaded color palette for 880 blockstates in 45ms
[21:06:23] [Render thread/INFO] [ColorManager] Loaded color palette for 880 blockstates in 38ms
[21:06:23] [Render thread/INFO] [ColorManager] Loaded color palette for 880 blockstates in 31ms
[21:06:23] [Render thread/INFO] [ColorManager] Loaded color palette for 880 blockstates in 38ms
[21:06:23] [Render thread/INFO] [ColorManager] Loaded color palette for 880 blockstates in 37ms
[21:06:23] [Render thread/INFO] [ColorManager] Loaded color palette for 880 blockstates in 43ms
[21:07:06] [Render thread/INFO] [JourneymapClient] World UID is set to: id_0
[21:07:13] [Render thread/INFO] [WaypointStore] Loaded 13 waypoints from D:\Users\Administrator\Documents\GitHub\DreamborderX-MC-CommandTest\.minecraft\versions\1.19.2 - Fabulously Optimized\journeymap\data\mp\Minecraft~_id_0\waypoints
[21:07:13] [Render thread/INFO] [JourneymapClient] Mapping started in D:\Users\Administrator\Documents\GitHub\DreamborderX-MC-CommandTest\.minecraft\versions\1.19.2 - Fabulously Optimized\journeymap\data\mp\Minecraft~_id_0\overworld. Memory: 928MB total, 419MB free 
[21:07:17] [Render thread/INFO] [ChatLog] JourneyMap (旅行地图) : 按下 [J]
[21:07:34] [Render thread/INFO] [JourneymapClient] Mapping halted in D:\Users\Administrator\Documents\GitHub\DreamborderX-MC-CommandTest\.minecraft\versions\1.19.2 - Fabulously Optimized\journeymap\data\mp\Minecraft~_id_0\minecraft:overworld
[21:07:35] [Render thread/INFO] [WaypointStore] Loaded 13 waypoints from D:\Users\Administrator\Documents\GitHub\DreamborderX-MC-CommandTest\.minecraft\versions\1.19.2 - Fabulously Optimized\journeymap\data\mp\Minecraft~_id_0\waypoints
[21:07:35] [Render thread/INFO] [JourneymapClient] Mapping started in D:\Users\Administrator\Documents\GitHub\DreamborderX-MC-CommandTest\.minecraft\versions\1.19.2 - Fabulously Optimized\journeymap\data\mp\Minecraft~_id_0\overworld. Memory: 928MB total, 333MB free 
[21:08:42] [Render thread/INFO] [JourneymapClient] Mapping halted in D:\Users\Administrator\Documents\GitHub\DreamborderX-MC-CommandTest\.minecraft\versions\1.19.2 - Fabulously Optimized\journeymap\data\mp\Minecraft~_id_0\minecraft:overworld
[21:08:43] [Render thread/INFO] [MappingMonitorTask] World ID has been reset.
[21:08:43] [Render thread/INFO] [JourneymapClient] World UID is set to: null
[21:08:46] [Render thread/INFO] [JourneymapClient] World UID is set to: id_8794265229978523055
[21:08:47] [Render thread/INFO] [WaypointStore] Loaded 2 waypoints from D:\Users\Administrator\Documents\GitHub\DreamborderX-MC-CommandTest\.minecraft\versions\1.19.2 - Fabulously Optimized\journeymap\data\mp\ForeverMemory_id_8794265229978523055\waypoints
[21:08:47] [Render thread/INFO] [JourneymapClient] Mapping started in D:\Users\Administrator\Documents\GitHub\DreamborderX-MC-CommandTest\.minecraft\versions\1.19.2 - Fabulously Optimized\journeymap\data\mp\ForeverMemory_id_8794265229978523055\dating. Memory: 928MB total, 304MB free 
[21:09:04] [Render thread/INFO] [JourneymapClient] Mapping halted in D:\Users\Administrator\Documents\GitHub\DreamborderX-MC-CommandTest\.minecraft\versions\1.19.2 - Fabulously Optimized\journeymap\data\mp\ForeverMemory_id_8794265229978523055\minecraft:dating
[21:09:05] [Render thread/INFO] [WaypointStore] Loaded 2 waypoints from D:\Users\Administrator\Documents\GitHub\DreamborderX-MC-CommandTest\.minecraft\versions\1.19.2 - Fabulously Optimized\journeymap\data\mp\ForeverMemory_id_8794265229978523055\waypoints
[21:09:05] [Render thread/INFO] [JourneymapClient] Mapping started in D:\Users\Administrator\Documents\GitHub\DreamborderX-MC-CommandTest\.minecraft\versions\1.19.2 - Fabulously Optimized\journeymap\data\mp\ForeverMemory_id_8794265229978523055\zhucheng. Memory: 928MB total, 336MB free 
[21:09:47] [Render thread/WARN] [ColorPalette] Existing color palette's resource packs no longer match current loadout.
[21:09:47] [Render thread/INFO] [ColorPalette] WAS: Default, Fabric Mods, Firework 2023 RESSOURCEPACK by Skyblock Squad.zip, Minecraft-Mod-Language-Modpack-1-18-FabricT1-19-1o2-Fabric.zip, Mod Menu Helper.zip, Programmer Art, continuity/default, continuity/glass_pane_culling_fix, lambdabettergrass/default, midnightcontrols/bedrock, midnightcontrols/legacy
NOW: Default, Fabric Mods, Firework 2023 RESSOURCEPACK by Skyblock Squad.zip, Minecraft-Mod-Language-Modpack-1-18-FabricT1-19-1o2-Fabric.zip, Mod Menu Helper.zip, Programmer Art, continuity/default, continuity/glass_pane_culling_fix, lambdabettergrass/default, midnightcontrols/bedrock, midnightcontrols/legacy, 世界指定资源包
[21:09:47] [Render thread/INFO] [ColorPalette] Color palette file generated for 0 blockstates in 4ms for: D:\Users\Administrator\Documents\GitHub\DreamborderX-MC-CommandTest\.minecraft\versions\1.19.2 - Fabulously Optimized\journeymap\colorpalette.json
[21:09:47] [Render thread/INFO] [ColorManager] Updated color palette for 803 blockstates in 235ms: D:\Users\Administrator\Documents\GitHub\DreamborderX-MC-CommandTest\.minecraft\versions\1.19.2 - Fabulously Optimized\journeymap\colorpalette.json
[21:10:42] [Render thread/INFO] [JourneymapClient] Mapping halted in D:\Users\Administrator\Documents\GitHub\DreamborderX-MC-CommandTest\.minecraft\versions\1.19.2 - Fabulously Optimized\journeymap\data\mp\ForeverMemory_id_8794265229978523055\minecraft:zhucheng
[21:10:43] [Render thread/INFO] [MappingMonitorTask] World ID has been reset.
[21:10:43] [Render thread/INFO] [JourneymapClient] World UID is set to: null
