Logging started at 2022-07-31T03:58:45.020Z
[authlib-injector] [INFO] Version: 1.1.47
[authlib-injector] [INFO] Authentication server: https://mcskin.littleservice.cn/api/yggdrasil/
[authlib-injector] [INFO] Transformed [net.minecraft.client.main.Main] with [Main Arguments Transformer]
[authlib-injector] [INFO] Httpd is running on port 58942
[authlib-injector] [INFO] Transformed [dzj] with [Constant URL Transformer]
[authlib-injector] [INFO] Transformed [com.mojang.authlib.HttpAuthenticationService] with [ConcatenateURL Workaround]
[authlib-injector] [INFO] Transformed [com.mojang.authlib.yggdrasil.YggdrasilEnvironment] with [Constant URL Transformer]
[authlib-injector] [INFO] Transformed [com.mojang.authlib.yggdrasil.YggdrasilMinecraftSessionService] with [Texture Whitelist Transformer]
[authlib-injector] [INFO] Transformed [com.mojang.authlib.yggdrasil.YggdrasilMinecraftSessionService] with [Yggdrasil Public Key Transformer]
[authlib-injector] [WARNING] An error occurred while processing request [/https/sessionserver.mojang.com/session/minecraft/profile/84e8de8ef6d94371835b6844cb7ff0e9]
java.io.UncheckedIOException: java.net.SocketException: Connection reset
	at moe.yushi.authlibinjector.yggdrasil.YggdrasilClient.queryProfile(YggdrasilClient.java:92)
	at moe.yushi.authlibinjector.httpd.QueryProfileFilter.handle(QueryProfileFilter.java:82)
	at moe.yushi.authlibinjector.httpd.URLProcessor$1.serve(URLProcessor.java:142)
	at moe.yushi.authlibinjector.internal.fi.iki.elonen.HTTPSession.execute(HTTPSession.java:246)
	at moe.yushi.authlibinjector.internal.fi.iki.elonen.NanoHTTPD$ClientHandler.run(NanoHTTPD.java:104)
	at java.lang.Thread.run(Thread.java:748)
Caused by: java.net.SocketException: Connection reset
	at java.net.SocketInputStream.read(SocketInputStream.java:210)
	at java.net.SocketInputStream.read(SocketInputStream.java:141)
	at sun.security.ssl.InputRecord.readFully(InputRecord.java:465)
	at sun.security.ssl.InputRecord.read(InputRecord.java:503)
	at sun.security.ssl.SSLSocketImpl.readRecord(SSLSocketImpl.java:990)
	at sun.security.ssl.SSLSocketImpl.performInitialHandshake(SSLSocketImpl.java:1388)
	at sun.security.ssl.SSLSocketImpl.startHandshake(SSLSocketImpl.java:1416)
	at sun.security.ssl.SSLSocketImpl.startHandshake(SSLSocketImpl.java:1400)
	at sun.net.www.protocol.https.HttpsClient.afterConnect(HttpsClient.java:559)
	at sun.net.www.http.HttpClient.parseHTTPHeader(HttpClient.java:846)
	at sun.net.www.http.HttpClient.parseHTTP(HttpClient.java:678)
	at sun.net.www.protocol.http.HttpURLConnection.getInputStream0(HttpURLConnection.java:1593)
	at sun.net.www.protocol.http.HttpURLConnection.getInputStream(HttpURLConnection.java:1498)
	at sun.net.www.protocol.https.HttpsURLConnectionImpl.getInputStream(HttpsURLConnectionImpl.java:268)
	at moe.yushi.authlibinjector.util.IOUtils.http(IOUtils.java:49)
	at moe.yushi.authlibinjector.yggdrasil.YggdrasilClient.queryProfile(YggdrasilClient.java:90)
	... 5 more

[authlib-injector] [ERROR] Could not send response to the client
java.net.SocketException: Software caused connection abort: socket write error
	at java.net.SocketOutputStream.socketWrite0(Native Method)
	at java.net.SocketOutputStream.socketWrite(SocketOutputStream.java:111)
	at java.net.SocketOutputStream.write(SocketOutputStream.java:155)
	at moe.yushi.authlibinjector.internal.fi.iki.elonen.Response.sendBody(Response.java:257)
	at moe.yushi.authlibinjector.internal.fi.iki.elonen.Response.sendBodyWithCorrectTransferAndEncoding(Response.java:230)
	at moe.yushi.authlibinjector.internal.fi.iki.elonen.Response.send(Response.java:195)
	at moe.yushi.authlibinjector.internal.fi.iki.elonen.HTTPSession.execute(HTTPSession.java:266)
	at moe.yushi.authlibinjector.internal.fi.iki.elonen.NanoHTTPD$ClientHandler.run(NanoHTTPD.java:104)
	at java.lang.Thread.run(Thread.java:748)

[authlib-injector] [WARNING] Reverse proxy error
java.net.ConnectException: Connection timed out: connect
	at java.net.DualStackPlainSocketImpl.connect0(Native Method)
	at java.net.DualStackPlainSocketImpl.socketConnect(DualStackPlainSocketImpl.java:79)
	at java.net.AbstractPlainSocketImpl.doConnect(AbstractPlainSocketImpl.java:350)
	at java.net.AbstractPlainSocketImpl.connectToAddress(AbstractPlainSocketImpl.java:206)
	at java.net.AbstractPlainSocketImpl.connect(AbstractPlainSocketImpl.java:188)
	at java.net.PlainSocketImpl.connect(PlainSocketImpl.java:172)
	at java.net.SocksSocketImpl.connect(SocksSocketImpl.java:392)
	at java.net.Socket.connect(Socket.java:606)
	at sun.security.ssl.SSLSocketImpl.connect(SSLSocketImpl.java:681)
	at sun.security.ssl.BaseSSLSocketImpl.connect(BaseSSLSocketImpl.java:173)
	at sun.net.NetworkClient.doConnect(NetworkClient.java:180)
	at sun.net.www.http.HttpClient.openServer(HttpClient.java:463)
	at sun.net.www.http.HttpClient.openServer(HttpClient.java:558)
	at sun.net.www.protocol.https.HttpsClient.<init>(HttpsClient.java:264)
	at sun.net.www.protocol.https.HttpsClient.New(HttpsClient.java:367)
	at sun.net.www.protocol.https.AbstractDelegateHttpsURLConnection.getNewHttpClient(AbstractDelegateHttpsURLConnection.java:191)
	at sun.net.www.protocol.http.HttpURLConnection.plainConnect0(HttpURLConnection.java:1162)
	at sun.net.www.protocol.http.HttpURLConnection.plainConnect(HttpURLConnection.java:1056)
	at sun.net.www.protocol.https.AbstractDelegateHttpsURLConnection.connect(AbstractDelegateHttpsURLConnection.java:177)
	at sun.net.www.protocol.http.HttpURLConnection.getInputStream0(HttpURLConnection.java:1570)
	at sun.net.www.protocol.http.HttpURLConnection.getInputStream(HttpURLConnection.java:1498)
	at java.net.HttpURLConnection.getResponseCode(HttpURLConnection.java:480)
	at sun.net.www.protocol.https.HttpsURLConnectionImpl.getResponseCode(HttpsURLConnectionImpl.java:352)
	at moe.yushi.authlibinjector.httpd.URLProcessor.reverseProxy(URLProcessor.java:197)
	at moe.yushi.authlibinjector.httpd.URLProcessor.access$400(URLProcessor.java:47)
	at moe.yushi.authlibinjector.httpd.URLProcessor$1.serve(URLProcessor.java:158)
	at moe.yushi.authlibinjector.internal.fi.iki.elonen.HTTPSession.execute(HTTPSession.java:246)
	at moe.yushi.authlibinjector.internal.fi.iki.elonen.NanoHTTPD$ClientHandler.run(NanoHTTPD.java:104)
	at java.lang.Thread.run(Thread.java:748)

[authlib-injector] [ERROR] Could not send response to the client
java.net.SocketException: Software caused connection abort: socket write error
	at java.net.SocketOutputStream.socketWrite0(Native Method)
	at java.net.SocketOutputStream.socketWrite(SocketOutputStream.java:111)
	at java.net.SocketOutputStream.write(SocketOutputStream.java:155)
	at moe.yushi.authlibinjector.internal.fi.iki.elonen.Response.sendBody(Response.java:257)
	at moe.yushi.authlibinjector.internal.fi.iki.elonen.Response.sendBodyWithCorrectTransferAndEncoding(Response.java:230)
	at moe.yushi.authlibinjector.internal.fi.iki.elonen.Response.send(Response.java:195)
	at moe.yushi.authlibinjector.internal.fi.iki.elonen.HTTPSession.execute(HTTPSession.java:266)
	at moe.yushi.authlibinjector.internal.fi.iki.elonen.NanoHTTPD$ClientHandler.run(NanoHTTPD.java:104)
	at java.lang.Thread.run(Thread.java:748)

[authlib-injector] [WARNING] An error occurred while processing request [/https/sessionserver.mojang.com/session/minecraft/profile/a5ac817e0fe83f268aeb59fd3ccca5aa]
java.io.UncheckedIOException: java.net.SocketException: Connection reset
	at moe.yushi.authlibinjector.yggdrasil.YggdrasilClient.queryProfile(YggdrasilClient.java:92)
	at moe.yushi.authlibinjector.httpd.QueryProfileFilter.handle(QueryProfileFilter.java:82)
	at moe.yushi.authlibinjector.httpd.URLProcessor$1.serve(URLProcessor.java:142)
	at moe.yushi.authlibinjector.internal.fi.iki.elonen.HTTPSession.execute(HTTPSession.java:246)
	at moe.yushi.authlibinjector.internal.fi.iki.elonen.NanoHTTPD$ClientHandler.run(NanoHTTPD.java:104)
	at java.lang.Thread.run(Thread.java:748)
Caused by: java.net.SocketException: Connection reset
	at java.net.SocketInputStream.read(SocketInputStream.java:210)
	at java.net.SocketInputStream.read(SocketInputStream.java:141)
	at sun.security.ssl.InputRecord.readFully(InputRecord.java:465)
	at sun.security.ssl.InputRecord.read(InputRecord.java:503)
	at sun.security.ssl.SSLSocketImpl.readRecord(SSLSocketImpl.java:990)
	at sun.security.ssl.SSLSocketImpl.performInitialHandshake(SSLSocketImpl.java:1388)
	at sun.security.ssl.SSLSocketImpl.startHandshake(SSLSocketImpl.java:1416)
	at sun.security.ssl.SSLSocketImpl.startHandshake(SSLSocketImpl.java:1400)
	at sun.net.www.protocol.https.HttpsClient.afterConnect(HttpsClient.java:559)
	at sun.net.www.protocol.https.AbstractDelegateHttpsURLConnection.connect(AbstractDelegateHttpsURLConnection.java:185)
	at sun.net.www.protocol.http.HttpURLConnection.getInputStream0(HttpURLConnection.java:1570)
	at sun.net.www.protocol.http.HttpURLConnection.getInputStream(HttpURLConnection.java:1498)
	at sun.net.www.protocol.https.HttpsURLConnectionImpl.getInputStream(HttpsURLConnectionImpl.java:268)
	at moe.yushi.authlibinjector.util.IOUtils.http(IOUtils.java:49)
	at moe.yushi.authlibinjector.yggdrasil.YggdrasilClient.queryProfile(YggdrasilClient.java:90)
	... 5 more

[authlib-injector] [ERROR] Could not send response to the client
java.net.SocketException: Software caused connection abort: socket write error
	at java.net.SocketOutputStream.socketWrite0(Native Method)
	at java.net.SocketOutputStream.socketWrite(SocketOutputStream.java:111)
	at java.net.SocketOutputStream.write(SocketOutputStream.java:143)
	at moe.yushi.authlibinjector.internal.fi.iki.elonen.ChunkedOutputStream.write(ChunkedOutputStream.java:83)
	at moe.yushi.authlibinjector.internal.fi.iki.elonen.Response.sendBody(Response.java:257)
	at moe.yushi.authlibinjector.internal.fi.iki.elonen.Response.sendBodyWithCorrectTransferAndEncoding(Response.java:227)
	at moe.yushi.authlibinjector.internal.fi.iki.elonen.Response.send(Response.java:195)
	at moe.yushi.authlibinjector.internal.fi.iki.elonen.HTTPSession.execute(HTTPSession.java:266)
	at moe.yushi.authlibinjector.internal.fi.iki.elonen.NanoHTTPD$ClientHandler.run(NanoHTTPD.java:104)
	at java.lang.Thread.run(Thread.java:748)

[authlib-injector] [WARNING] An error occurred while processing request [/https/sessionserver.mojang.com/session/minecraft/profile/a5ac817e0fe83f268aeb59fd3ccca5aa]
java.io.UncheckedIOException: java.net.SocketException: Connection reset
	at moe.yushi.authlibinjector.yggdrasil.YggdrasilClient.queryProfile(YggdrasilClient.java:92)
	at moe.yushi.authlibinjector.httpd.QueryProfileFilter.handle(QueryProfileFilter.java:82)
	at moe.yushi.authlibinjector.httpd.URLProcessor$1.serve(URLProcessor.java:142)
	at moe.yushi.authlibinjector.internal.fi.iki.elonen.HTTPSession.execute(HTTPSession.java:246)
	at moe.yushi.authlibinjector.internal.fi.iki.elonen.NanoHTTPD$ClientHandler.run(NanoHTTPD.java:104)
	at java.lang.Thread.run(Thread.java:748)
Caused by: java.net.SocketException: Connection reset
	at java.net.SocketInputStream.read(SocketInputStream.java:210)
	at java.net.SocketInputStream.read(SocketInputStream.java:141)
	at sun.security.ssl.InputRecord.readFully(InputRecord.java:465)
	at sun.security.ssl.InputRecord.read(InputRecord.java:503)
	at sun.security.ssl.SSLSocketImpl.readRecord(SSLSocketImpl.java:990)
	at sun.security.ssl.SSLSocketImpl.performInitialHandshake(SSLSocketImpl.java:1388)
	at sun.security.ssl.SSLSocketImpl.startHandshake(SSLSocketImpl.java:1416)
	at sun.security.ssl.SSLSocketImpl.startHandshake(SSLSocketImpl.java:1400)
	at sun.net.www.protocol.https.HttpsClient.afterConnect(HttpsClient.java:559)
	at sun.net.www.protocol.https.AbstractDelegateHttpsURLConnection.connect(AbstractDelegateHttpsURLConnection.java:185)
	at sun.net.www.protocol.http.HttpURLConnection.getInputStream0(HttpURLConnection.java:1570)
	at sun.net.www.protocol.http.HttpURLConnection.getInputStream(HttpURLConnection.java:1498)
	at sun.net.www.protocol.https.HttpsURLConnectionImpl.getInputStream(HttpsURLConnectionImpl.java:268)
	at moe.yushi.authlibinjector.util.IOUtils.http(IOUtils.java:49)
	at moe.yushi.authlibinjector.yggdrasil.YggdrasilClient.queryProfile(YggdrasilClient.java:90)
	... 5 more

[authlib-injector] [ERROR] Could not send response to the client
java.net.SocketException: Software caused connection abort: socket write error
	at java.net.SocketOutputStream.socketWrite0(Native Method)
	at java.net.SocketOutputStream.socketWrite(SocketOutputStream.java:111)
	at java.net.SocketOutputStream.write(SocketOutputStream.java:155)
	at moe.yushi.authlibinjector.internal.fi.iki.elonen.Response.sendBody(Response.java:257)
	at moe.yushi.authlibinjector.internal.fi.iki.elonen.Response.sendBodyWithCorrectTransferAndEncoding(Response.java:230)
	at moe.yushi.authlibinjector.internal.fi.iki.elonen.Response.send(Response.java:195)
	at moe.yushi.authlibinjector.internal.fi.iki.elonen.HTTPSession.execute(HTTPSession.java:266)
	at moe.yushi.authlibinjector.internal.fi.iki.elonen.NanoHTTPD$ClientHandler.run(NanoHTTPD.java:104)
	at java.lang.Thread.run(Thread.java:748)

[authlib-injector] [WARNING] Reverse proxy error
java.net.SocketException: Connection reset
	at java.net.SocketInputStream.read(SocketInputStream.java:210)
	at java.net.SocketInputStream.read(SocketInputStream.java:141)
	at sun.security.ssl.InputRecord.readFully(InputRecord.java:465)
	at sun.security.ssl.InputRecord.read(InputRecord.java:503)
	at sun.security.ssl.SSLSocketImpl.readRecord(SSLSocketImpl.java:990)
	at sun.security.ssl.SSLSocketImpl.performInitialHandshake(SSLSocketImpl.java:1388)
	at sun.security.ssl.SSLSocketImpl.startHandshake(SSLSocketImpl.java:1416)
	at sun.security.ssl.SSLSocketImpl.startHandshake(SSLSocketImpl.java:1400)
	at sun.net.www.protocol.https.HttpsClient.afterConnect(HttpsClient.java:559)
	at sun.net.www.protocol.https.AbstractDelegateHttpsURLConnection.connect(AbstractDelegateHttpsURLConnection.java:185)
	at sun.net.www.protocol.http.HttpURLConnection.getInputStream0(HttpURLConnection.java:1570)
	at sun.net.www.protocol.http.HttpURLConnection.getInputStream(HttpURLConnection.java:1498)
	at java.net.HttpURLConnection.getResponseCode(HttpURLConnection.java:480)
	at sun.net.www.protocol.https.HttpsURLConnectionImpl.getResponseCode(HttpsURLConnectionImpl.java:352)
	at moe.yushi.authlibinjector.httpd.URLProcessor.reverseProxy(URLProcessor.java:197)
	at moe.yushi.authlibinjector.httpd.URLProcessor.access$400(URLProcessor.java:47)
	at moe.yushi.authlibinjector.httpd.URLProcessor$1.serve(URLProcessor.java:158)
	at moe.yushi.authlibinjector.internal.fi.iki.elonen.HTTPSession.execute(HTTPSession.java:246)
	at moe.yushi.authlibinjector.internal.fi.iki.elonen.NanoHTTPD$ClientHandler.run(NanoHTTPD.java:104)
	at java.lang.Thread.run(Thread.java:748)

[authlib-injector] [WARNING] Reverse proxy error
java.net.ConnectException: Connection timed out: connect
	at java.net.DualStackPlainSocketImpl.connect0(Native Method)
	at java.net.DualStackPlainSocketImpl.socketConnect(DualStackPlainSocketImpl.java:79)
	at java.net.AbstractPlainSocketImpl.doConnect(AbstractPlainSocketImpl.java:350)
	at java.net.AbstractPlainSocketImpl.connectToAddress(AbstractPlainSocketImpl.java:206)
	at java.net.AbstractPlainSocketImpl.connect(AbstractPlainSocketImpl.java:188)
	at java.net.PlainSocketImpl.connect(PlainSocketImpl.java:172)
	at java.net.SocksSocketImpl.connect(SocksSocketImpl.java:392)
	at java.net.Socket.connect(Socket.java:606)
	at sun.security.ssl.SSLSocketImpl.connect(SSLSocketImpl.java:681)
	at sun.security.ssl.BaseSSLSocketImpl.connect(BaseSSLSocketImpl.java:173)
	at sun.net.NetworkClient.doConnect(NetworkClient.java:180)
	at sun.net.www.http.HttpClient.openServer(HttpClient.java:463)
	at sun.net.www.http.HttpClient.openServer(HttpClient.java:558)
	at sun.net.www.protocol.https.HttpsClient.<init>(HttpsClient.java:264)
	at sun.net.www.protocol.https.HttpsClient.New(HttpsClient.java:367)
	at sun.net.www.protocol.https.AbstractDelegateHttpsURLConnection.getNewHttpClient(AbstractDelegateHttpsURLConnection.java:191)
	at sun.net.www.protocol.http.HttpURLConnection.plainConnect0(HttpURLConnection.java:1162)
	at sun.net.www.protocol.http.HttpURLConnection.plainConnect(HttpURLConnection.java:1056)
	at sun.net.www.protocol.https.AbstractDelegateHttpsURLConnection.connect(AbstractDelegateHttpsURLConnection.java:177)
	at sun.net.www.protocol.http.HttpURLConnection.getInputStream0(HttpURLConnection.java:1570)
	at sun.net.www.protocol.http.HttpURLConnection.getInputStream(HttpURLConnection.java:1498)
	at java.net.HttpURLConnection.getResponseCode(HttpURLConnection.java:480)
	at sun.net.www.protocol.https.HttpsURLConnectionImpl.getResponseCode(HttpsURLConnectionImpl.java:352)
	at moe.yushi.authlibinjector.httpd.URLProcessor.reverseProxy(URLProcessor.java:197)
	at moe.yushi.authlibinjector.httpd.URLProcessor.access$400(URLProcessor.java:47)
	at moe.yushi.authlibinjector.httpd.URLProcessor$1.serve(URLProcessor.java:158)
	at moe.yushi.authlibinjector.internal.fi.iki.elonen.HTTPSession.execute(HTTPSession.java:246)
	at moe.yushi.authlibinjector.internal.fi.iki.elonen.NanoHTTPD$ClientHandler.run(NanoHTTPD.java:104)
	at java.lang.Thread.run(Thread.java:748)

[authlib-injector] [ERROR] Could not send response to the client
java.net.SocketException: Software caused connection abort: socket write error
	at java.net.SocketOutputStream.socketWrite0(Native Method)
	at java.net.SocketOutputStream.socketWrite(SocketOutputStream.java:111)
	at java.net.SocketOutputStream.write(SocketOutputStream.java:155)
	at moe.yushi.authlibinjector.internal.fi.iki.elonen.Response.sendBody(Response.java:257)
	at moe.yushi.authlibinjector.internal.fi.iki.elonen.Response.sendBodyWithCorrectTransferAndEncoding(Response.java:230)
	at moe.yushi.authlibinjector.internal.fi.iki.elonen.Response.send(Response.java:195)
	at moe.yushi.authlibinjector.internal.fi.iki.elonen.HTTPSession.execute(HTTPSession.java:266)
	at moe.yushi.authlibinjector.internal.fi.iki.elonen.NanoHTTPD$ClientHandler.run(NanoHTTPD.java:104)
	at java.lang.Thread.run(Thread.java:748)

[authlib-injector] [WARNING] Reverse proxy error
javax.net.ssl.SSLHandshakeException: Remote host closed connection during handshake
	at sun.security.ssl.SSLSocketImpl.readRecord(SSLSocketImpl.java:1009)
	at sun.security.ssl.SSLSocketImpl.performInitialHandshake(SSLSocketImpl.java:1388)
	at sun.security.ssl.SSLSocketImpl.startHandshake(SSLSocketImpl.java:1416)
	at sun.security.ssl.SSLSocketImpl.startHandshake(SSLSocketImpl.java:1400)
	at sun.net.www.protocol.https.HttpsClient.afterConnect(HttpsClient.java:559)
	at sun.net.www.protocol.https.AbstractDelegateHttpsURLConnection.connect(AbstractDelegateHttpsURLConnection.java:185)
	at sun.net.www.protocol.http.HttpURLConnection.getInputStream0(HttpURLConnection.java:1570)
	at sun.net.www.protocol.http.HttpURLConnection.getInputStream(HttpURLConnection.java:1498)
	at java.net.HttpURLConnection.getResponseCode(HttpURLConnection.java:480)
	at sun.net.www.protocol.https.HttpsURLConnectionImpl.getResponseCode(HttpsURLConnectionImpl.java:352)
	at moe.yushi.authlibinjector.httpd.URLProcessor.reverseProxy(URLProcessor.java:197)
	at moe.yushi.authlibinjector.httpd.URLProcessor.access$400(URLProcessor.java:47)
	at moe.yushi.authlibinjector.httpd.URLProcessor$1.serve(URLProcessor.java:158)
	at moe.yushi.authlibinjector.internal.fi.iki.elonen.HTTPSession.execute(HTTPSession.java:246)
	at moe.yushi.authlibinjector.internal.fi.iki.elonen.NanoHTTPD$ClientHandler.run(NanoHTTPD.java:104)
	at java.lang.Thread.run(Thread.java:748)
Caused by: java.io.EOFException: SSL peer shut down incorrectly
	at sun.security.ssl.InputRecord.read(InputRecord.java:505)
	at sun.security.ssl.SSLSocketImpl.readRecord(SSLSocketImpl.java:990)
	... 15 more

[authlib-injector] [ERROR] Could not send response to the client
java.net.SocketException: Software caused connection abort: socket write error
	at java.net.SocketOutputStream.socketWrite0(Native Method)
	at java.net.SocketOutputStream.socketWrite(SocketOutputStream.java:111)
	at java.net.SocketOutputStream.write(SocketOutputStream.java:155)
	at moe.yushi.authlibinjector.internal.fi.iki.elonen.Response.sendBody(Response.java:257)
	at moe.yushi.authlibinjector.internal.fi.iki.elonen.Response.sendBodyWithCorrectTransferAndEncoding(Response.java:230)
	at moe.yushi.authlibinjector.internal.fi.iki.elonen.Response.send(Response.java:195)
	at moe.yushi.authlibinjector.internal.fi.iki.elonen.HTTPSession.execute(HTTPSession.java:266)
	at moe.yushi.authlibinjector.internal.fi.iki.elonen.NanoHTTPD$ClientHandler.run(NanoHTTPD.java:104)
	at java.lang.Thread.run(Thread.java:748)

