[14:18:00] [main/INFO]: Loading 53 mods:
	- cloth-basic-math 0.5.1 via cloth-config2
	- cloth-config2 4.11.15 via immersive_portals
	- fabric 0.40.0+1.16
	- fabric-api-base 0.3.0+f74f7c7d7d via fabric
	- fabric-api-lookup-api-v1 1.3.0+f74f7c7d7d via fabric
	- fabric-biome-api-v1 3.1.11+f74f7c7d7d via fabric
	- fabric-blockrenderlayer-v1 1.1.5+ca58154a7d via fabric
	- fabric-command-api-v1 1.1.2+f74f7c7d7d via fabric
	- fabric-commands-v0 0.2.2+ca58154a7d via fabric
	- fabric-containers-v0 0.1.11+9354966b7d via fabric
	- fabric-content-registries-v0 0.2.4+f74f7c7d7d via fabric
	- fabric-crash-report-info-v1 0.1.3+ca58154a7d via fabric
	- fabric-dimensions-v1 2.0.6+f74f7c7d7d via fabric
	- fabric-entity-events-v1 1.2.3+77df1b337d via fabric
	- fabric-events-interaction-v0 0.4.4+35ff49a47d via fabric
	- fabric-events-lifecycle-v0 0.2.1+ca58154a7d via fabric
	- fabric-game-rule-api-v1 1.0.6+f74f7c7d7d via fabric
	- fabric-item-api-v1 1.2.1+ca58154a7d via fabric
	- fabric-item-groups-v0 0.2.7+2868a2287d via fabric
	- fabric-key-binding-api-v1 1.0.4+f74f7c7d7d via fabric
	- fabric-keybindings-v0 0.2.1+ca58154a7d via fabric
	- fabric-lifecycle-events-v1 1.2.1+ca58154a7d via fabric
	- fabric-loot-tables-v1 1.0.2+ca58154a7d via fabric
	- fabric-mining-levels-v0 0.1.3+ca58154a7d via fabric
	- fabric-models-v0 0.3.0+f74f7c7d7d via fabric
	- fabric-networking-api-v1 1.0.4+f74f7c7d7d via fabric
	- fabric-networking-blockentity-v0 0.2.8+ca58154a7d via fabric
	- fabric-networking-v0 0.3.2+ca58154a7d via fabric
	- fabric-object-builder-api-v1 1.9.5+f74f7c7d7d via fabric
	- fabric-object-builders-v0 0.7.2+ca58154a7d via fabric
	- fabric-particles-v1 0.2.4+ca58154a7d via fabric
	- fabric-registry-sync-v0 0.7.4+ca58154a7d via fabric
	- fabric-renderer-api-v1 0.4.4+f74f7c7d7d via fabric
	- fabric-renderer-indigo 0.4.4+ca58154a7d via fabric
	- fabric-renderer-registries-v1 2.3.0+f74f7c7d7d via fabric
	- fabric-rendering-data-attachment-v1 0.1.5+ca58154a7d via fabric
	- fabric-rendering-fluids-v1 0.1.13+ca58154a7d via fabric
	- fabric-rendering-v0 1.1.2+ca58154a7d via fabric
	- fabric-rendering-v1 1.6.0+2868a2287d via fabric
	- fabric-resource-loader-v0 0.4.7+f74f7c7d7d via fabric
	- fabric-screen-api-v1 1.0.0+c045166c7d via fabric
	- fabric-screen-handler-api-v1 1.1.5+f74f7c7d7d via fabric
	- fabric-structure-api-v1 1.1.11+ca0ef93d7d via fabric
	- fabric-tag-extensions-v0 1.1.1+ca58154a7d via fabric
	- fabric-textures-v0 1.0.6+ca58154a7d via fabric
	- fabric-tool-attribute-api-v1 1.2.7+f74f7c7d7d via fabric
	- fabric-transfer-api-v1 1.3.0+35ff49a47d via fabric
	- fabricloader 0.12.12
	- imm_ptl_core 0.102 via immersive_portals
	- immersive_portals 0.102
	- java 8
	- minecraft 1.16.5
	- modmenu v1.16.8+unknown.bd9230a via immersive_portals
[14:18:00] [main/WARN]: Mod `modmenu` (v1.16.8+unknown.bd9230a) does not respect SemVer - comparison support is limited.
[14:18:00] [main/INFO]: SpongePowered MIXIN Subsystem Version=0.8.4 Source=file:/F:/GitHub/DreamborderX-MC-CommandTest/.minecraft/libraries/net/fabricmc/sponge-mixin/0.10.7+mixin.0.8.4/sponge-mixin-0.10.7+mixin.0.8.4.jar Service=Knot/Fabric Env=CLIENT
[14:18:20] [main/INFO]: Environment: authHost='https://mcskin.littleservice.cn/api/yggdrasil/authserver', accountsHost='http://127.0.0.1:7206/https/api.mojang.com', sessionHost='http://127.0.0.1:7206/https/sessionserver.mojang.com', servicesHost='http://127.0.0.1:7206/https/api.minecraftservices.com', name='PROD'
[14:18:20] [main/INFO]: Setting user: GLgele
[14:18:21] [main/INFO]: Immersive Portals Mod Initializing
[14:18:21] [main/INFO]: Reach entity attributes mod is not present
[14:18:21] [main/INFO]: Pehkui is not present
[14:18:22] [main/INFO]: [Indigo] Registering Indigo renderer!
[14:18:22] [main/INFO]: [Indigo] Compatibility mode enabled.
[14:18:22] [main/INFO]: IP Config Applied
[14:18:22] [main/INFO]: Optifine is not present
[14:18:22] [main/INFO]: Sodium is not present
[14:18:23] [main/WARN]: WARNING! Mod cloth-basic-math is only using deprecated 'modmenu:api' custom value! This will be removed in 1.18 snapshots, so ask the author of this mod to support the new API.
[14:18:23] [main/WARN]: WARNING! Mod cloth-config2 is only using deprecated 'modmenu:api' custom value! This will be removed in 1.18 snapshots, so ask the author of this mod to support the new API.
[14:18:23] [main/INFO]: Backend library: LWJGL version 3.2.2 build 10
[14:18:28] [main/INFO]: Narrator library for x64 successfully loaded
[14:18:28] [main/INFO]: Reloading ResourceManager: Default, Fabric Mods (Cloth Config v4, Fabric API, Fabric API Base, Fabric API Lookup API (v1), Fabric Biome API (v1), Fabric BlockRenderLayer Registration (v1), Fabric Command API (v1), Fabric Commands (v0), Fabric Containers (v0), Fabric Content Registries (v0), Fabric Crash Report Info (v1), Fabric Dimensions API (v1), Fabric Entity Events (v1), Fabric Events Interaction (v0), Fabric Events Lifecycle (v0), Fabric Game Rule API (v1), Fabric Item API (v1), Fabric Item Groups (v0), Fabric Key Binding API (v1), Fabric Key Bindings (v0), Fabric Lifecycle Events (v1), Fabric Loot Tables (v1), Fabric Mining Levels (v0), Fabric Models (v0), Fabric Networking API (v1), Fabric Networking Block Entity (v0), Fabric Networking (v0), Fabric Object Builder API (v1), Fabric Object Builders (v0), Fabric Particles (v1), Fabric Registry Sync (v0), Fabric Renderer API (v1), Fabric Renderer - Indigo, Fabric Renderer Registries (v1), Fabric Rendering Data Attachment (v1), Fabric Rendering Fluids (v1), Fabric Rendering (v0), Fabric Rendering (v1), Fabric Resource Loader (v0), Fabric Screen API (v1), Fabric Screen Handler API (v1), Fabric Structure API (v1), Fabric Tag Extensions (v0), Fabric Textures (v0), Fabric Tool Attribute API (v1), Fabric Transfer API (v1), Fabric Loader, Immersive Portals Core, Immersive Portals, Mod Menu)
[14:18:36] [Realms Notification Availability checker #1/INFO]: Could not authorize you against Realms server: Invalid session id
[14:18:38] [main/INFO]: OpenAL initialized.
[14:18:38] [main/INFO]: Sound engine started
[14:18:39] [main/INFO]: Created: 1024x1024x4 minecraft:textures/atlas/blocks.png-atlas
[14:18:39] [main/INFO]: Created: 256x128x4 minecraft:textures/atlas/signs.png-atlas
[14:18:39] [main/INFO]: Created: 1024x512x4 minecraft:textures/atlas/banner_patterns.png-atlas
[14:18:39] [main/INFO]: Created: 1024x512x4 minecraft:textures/atlas/shield_patterns.png-atlas
[14:18:39] [main/INFO]: Created: 256x256x4 minecraft:textures/atlas/chest.png-atlas
[14:18:39] [main/INFO]: Created: 512x256x4 minecraft:textures/atlas/beds.png-atlas
[14:18:39] [main/INFO]: Created: 512x256x4 minecraft:textures/atlas/shulker_boxes.png-atlas
[14:18:41] [main/INFO]: Created: 256x256x0 minecraft:textures/atlas/particles.png-atlas
[14:18:41] [main/INFO]: Created: 256x256x0 minecraft:textures/atlas/paintings.png-atlas
[14:18:41] [main/INFO]: Created: 256x128x0 minecraft:textures/atlas/mob_effects.png-atlas
[14:19:12] [main/WARN]: Ambiguity between arguments [teleport, destination] and [teleport, targets] with inputs: [Player, 0123, @e, dd12be42-52a9-4a91-a8a1-11c01849e498]
[14:19:12] [main/WARN]: Ambiguity between arguments [teleport, location] and [teleport, destination] with inputs: [0.1 -0.5 .9, 0 0 0]
[14:19:12] [main/WARN]: Ambiguity between arguments [teleport, location] and [teleport, targets] with inputs: [0.1 -0.5 .9, 0 0 0]
[14:19:12] [main/WARN]: Ambiguity between arguments [teleport, targets] and [teleport, destination] with inputs: [Player, 0123, dd12be42-52a9-4a91-a8a1-11c01849e498]
[14:19:12] [main/WARN]: Ambiguity between arguments [teleport, targets, location] and [teleport, targets, destination] with inputs: [0.1 -0.5 .9, 0 0 0]
[14:19:12] [main/INFO]: Successfully initialized command /immersive_portals_debug
[14:19:12] [main/INFO]: Reloading ResourceManager: Default, Fabric Mods (Fabric Tool Attribute API (v1), Immersive Portals)
[14:19:14] [main/INFO]: Loaded 7 recipes
[14:19:14] [main/INFO]: Loaded 927 advancements
[14:19:14] [main/INFO]: Applied 0 biome modifications to 0 of 79 new biomes in 3.170 ms
[14:21:23] [main/WARN]: Ambiguity between arguments [teleport, destination] and [teleport, targets] with inputs: [Player, 0123, @e, dd12be42-52a9-4a91-a8a1-11c01849e498]
[14:21:23] [main/WARN]: Ambiguity between arguments [teleport, location] and [teleport, destination] with inputs: [0.1 -0.5 .9, 0 0 0]
[14:21:23] [main/WARN]: Ambiguity between arguments [teleport, location] and [teleport, targets] with inputs: [0.1 -0.5 .9, 0 0 0]
[14:21:23] [main/WARN]: Ambiguity between arguments [teleport, targets] and [teleport, destination] with inputs: [Player, 0123, dd12be42-52a9-4a91-a8a1-11c01849e498]
[14:21:23] [main/WARN]: Ambiguity between arguments [teleport, targets, location] and [teleport, targets, destination] with inputs: [0.1 -0.5 .9, 0 0 0]
[14:21:23] [main/INFO]: Successfully initialized command /immersive_portals_debug
[14:21:23] [main/INFO]: Reloading ResourceManager: Default, Fabric Mods (Fabric Tool Attribute API (v1), Immersive Portals)
[14:21:24] [main/INFO]: Loaded 7 recipes
[14:21:24] [main/INFO]: Loaded 927 advancements
[14:21:24] [main/INFO]: Applied 0 biome modifications to 0 of 79 new biomes in 295.5 μs
[14:21:25] [main/INFO]: Environment: authHost='https://mcskin.littleservice.cn/api/yggdrasil/authserver', accountsHost='http://127.0.0.1:7206/https/api.mojang.com', sessionHost='http://127.0.0.1:7206/https/sessionserver.mojang.com', servicesHost='http://127.0.0.1:7206/https/api.minecraftservices.com', name='PROD'
[14:21:25] [main/INFO]: IP Config Applied
[14:21:25] [Server thread/INFO]: Starting integrated minecraft server version 1.16.5
[14:21:25] [Server thread/INFO]: Generating keypair
[14:21:31] [Server thread/INFO]: Immersive Portals' Dimension Id Record File Does Not Exist
[14:21:31] [Server thread/INFO]: Immersive Portals' dimension id record is missing
[14:21:31] [Server thread/INFO]: Cannot retrieve Fabric's dimension id record.
[14:21:31] [Server thread/INFO]: If this is not a newly created world, existing portal data may be corrupted!!!
[14:21:31] [Server thread/INFO]: Dimension Id Record is Missing
[14:21:31] [Server thread/INFO]: Start Completing Dimension Id Record
[14:21:31] [Server thread/INFO]: Before:

[14:21:31] [Server thread/INFO]: Server Loaded Dimensions:
immersive_portals:alternate1
immersive_portals:alternate2
immersive_portals:alternate3
immersive_portals:alternate4
immersive_portals:alternate5
minecraft:overworld
minecraft:the_end
minecraft:the_nether

[14:21:31] [Server thread/INFO]: After:
minecraft:overworld -> 0
minecraft:the_nether -> -1
minecraft:the_end -> 1
immersive_portals:alternate1 -> 2
immersive_portals:alternate2 -> 3
immersive_portals:alternate3 -> 4
immersive_portals:alternate4 -> 5
immersive_portals:alternate5 -> 6
[14:21:31] [Server thread/INFO]: Dimension Id Info Saved to File
[14:21:31] [Server thread/INFO]: Preparing start region for dimension minecraft:overworld
[14:21:31] [main/INFO]: 准备生成区域中：0%
[14:21:31] [main/INFO]: 准备生成区域中：0%
[14:21:32] [main/INFO]: 准备生成区域中：0%
[14:21:32] [main/INFO]: 准备生成区域中：0%
[14:21:33] [main/INFO]: 准备生成区域中：2%
[14:21:33] [main/INFO]: 准备生成区域中：3%
[14:21:34] [main/INFO]: 准备生成区域中：5%
[14:21:34] [main/INFO]: 准备生成区域中：5%
[14:21:35] [main/INFO]: 准备生成区域中：9%
[14:21:35] [main/INFO]: 准备生成区域中：12%
[14:21:36] [main/INFO]: 准备生成区域中：15%
[14:21:36] [main/INFO]: 准备生成区域中：18%
[14:21:37] [main/INFO]: 准备生成区域中：19%
[14:21:37] [main/INFO]: 准备生成区域中：22%
[14:21:38] [main/INFO]: 准备生成区域中：22%
[14:21:38] [main/INFO]: 准备生成区域中：22%
[14:21:39] [main/INFO]: 准备生成区域中：33%
[14:21:39] [main/INFO]: 准备生成区域中：36%
[14:21:40] [main/INFO]: 准备生成区域中：39%
[14:21:40] [main/INFO]: 准备生成区域中：43%
[14:21:41] [main/INFO]: 准备生成区域中：46%
[14:21:41] [main/INFO]: 准备生成区域中：48%
[14:21:42] [main/INFO]: 准备生成区域中：51%
[14:21:42] [main/INFO]: 准备生成区域中：51%
[14:21:43] [main/INFO]: 准备生成区域中：51%
[14:21:43] [Server thread/INFO]: Loading custom portal gen
[14:21:43] [main/INFO]: Time elapsed: 12197 ms
[14:21:43] [Server thread/INFO]: Changing view distance to 11, from 10
[14:21:45] [Server thread/INFO]: GLgele[local:E:de4125fe] logged in with entity id 240 at (204.5, 70.0, 122.5)
[14:21:45] [Server thread/INFO]: GLgele加入了游戏
[14:21:45] [Netty Local Client IO #0/INFO]: Received Dimension Type Sync
[14:21:45] [Netty Local Client IO #0/INFO]: 
immersive_portals:alternate1 -> immersive_portals:surface_type
immersive_portals:alternate2 -> immersive_portals:surface_type
immersive_portals:alternate5 -> immersive_portals:surface_type
minecraft:overworld -> minecraft:overworld
minecraft:the_end -> minecraft:the_end
minecraft:the_nether -> minecraft:the_nether
immersive_portals:alternate3 -> immersive_portals:surface_type
immersive_portals:alternate4 -> immersive_portals:surface_type

[14:21:45] [Netty Local Client IO #0/INFO]: Received Dimension Int Id Sync
[14:21:45] [Netty Local Client IO #0/INFO]: 
minecraft:overworld -> 0
immersive_portals:alternate1 -> 2
immersive_portals:alternate2 -> 3
minecraft:the_nether -> -1
immersive_portals:alternate3 -> 4
immersive_portals:alternate4 -> 5
minecraft:the_end -> 1
immersive_portals:alternate5 -> 6
[14:21:46] [main/INFO]: WorldRenderer reloaded minecraft:overworld
[14:21:46] [Server thread/INFO]: Saving and pausing game...
[14:21:46] [Server thread/INFO]: Saving chunks for level 'ServerWorld minecraft:overworld 新的世界'/minecraft:overworld
[14:21:47] [Server thread/INFO]: Saving chunks for level 'ServerWorld minecraft:the_nether 新的世界'/minecraft:the_nether
[14:21:47] [Server thread/INFO]: Saving chunks for level 'ServerWorld minecraft:the_end 新的世界'/minecraft:the_end
[14:21:47] [Server thread/INFO]: Saving chunks for level 'ServerWorld immersive_portals:alternate1 新的世界'/immersive_portals:alternate1
[14:21:47] [Server thread/INFO]: Saving chunks for level 'ServerWorld immersive_portals:alternate2 新的世界'/immersive_portals:alternate2
[14:21:47] [Server thread/INFO]: Saving chunks for level 'ServerWorld immersive_portals:alternate3 新的世界'/immersive_portals:alternate3
[14:21:47] [Server thread/INFO]: Saving chunks for level 'ServerWorld immersive_portals:alternate4 新的世界'/immersive_portals:alternate4
[14:21:47] [Server thread/INFO]: Saving chunks for level 'ServerWorld immersive_portals:alternate5 新的世界'/immersive_portals:alternate5
[14:21:47] [main/INFO]: Loaded 0 advancements
[14:21:48] [Worker-Main-23/INFO]: [STDOUT]: https://littleskin.cn/textures/399683dd1eebbecd8b42de0a838a427d3acd12d1cb6c217aadc211f10171550d
[14:21:48] [Worker-Main-23/INFO]: [STDOUT]: https://littleskin.cn/textures/f27d93fe97653bf71e18c064f3e6b469391d4c74827064a08ceb5b5ae985c57e
[14:21:48] [main/WARN]: Unable to play empty soundEvent: minecraft:entity.salmon.ambient
[14:21:48] [main/WARN]: Unable to play empty soundEvent: minecraft:entity.cod.ambient
[14:23:04] [Server thread/INFO]: Portal Generation Attempted minecraft:overworld 225 68 163
[14:23:05] [Server thread/INFO]: Cannot Find Portal Placement on Ground with 3 Spacing
[14:23:05] [Server thread/INFO]: Generated Portal On Ground
[14:23:05] [main/INFO]: [CHAT] No compatible portal helper frame can be found nearby. A new frame has been generated. It can only link to a compatible frame. 1x3 can link to 2x6, but 1x2 cannot link to 2x5.
[14:23:12] [main/INFO]: Client Teleported Portal{954,west,(minecraft:overworld 225 69 163)->(minecraft:overworld 228 86 170)} 1717
[14:23:21] [main/INFO]: [CHAT] Removed Portal{957,west,(minecraft:overworld 228 86 170)->(minecraft:overworld 225 69 163),imm_ptl:intrinsic_portal_helper}
[14:23:21] [main/INFO]: [CHAT] Removed Portal{954,west,(minecraft:overworld 225 69 163)->(minecraft:overworld 228 86 170),imm_ptl:intrinsic_portal_helper}
[14:23:21] [main/INFO]: [CHAT] Removed Portal{955,east,(minecraft:overworld 225 69 163)->(minecraft:overworld 228 86 170),imm_ptl:intrinsic_portal_helper}
[14:23:21] [main/INFO]: [CHAT] Deleted Portal{956,east,(minecraft:overworld 228 86 170)->(minecraft:overworld 225 69 163),imm_ptl:intrinsic_portal_helper}
[14:23:23] [main/INFO]: [CHAT] You are not pointing to any non-global portal. (This command cannot process global portals)
[14:23:54] [Server thread/INFO]: Saving and pausing game...
[14:23:54] [Server thread/INFO]: Saving chunks for level 'ServerWorld minecraft:overworld 新的世界'/minecraft:overworld
[14:23:56] [Server thread/INFO]: Saving chunks for level 'ServerWorld minecraft:the_nether 新的世界'/minecraft:the_nether
[14:23:56] [Server thread/INFO]: Saving chunks for level 'ServerWorld minecraft:the_end 新的世界'/minecraft:the_end
[14:23:56] [Server thread/INFO]: Saving chunks for level 'ServerWorld immersive_portals:alternate1 新的世界'/immersive_portals:alternate1
[14:23:56] [Server thread/INFO]: Saving chunks for level 'ServerWorld immersive_portals:alternate2 新的世界'/immersive_portals:alternate2
[14:23:56] [Server thread/INFO]: Saving chunks for level 'ServerWorld immersive_portals:alternate3 新的世界'/immersive_portals:alternate3
[14:23:56] [Server thread/INFO]: Saving chunks for level 'ServerWorld immersive_portals:alternate4 新的世界'/immersive_portals:alternate4
[14:23:56] [Server thread/INFO]: Saving chunks for level 'ServerWorld immersive_portals:alternate5 新的世界'/immersive_portals:alternate5
[14:25:11] [Server thread/INFO]: Portal Generation Attempted minecraft:overworld 163 64 71
[14:25:13] [main/INFO]: Client Teleported Portal{1704,west,(minecraft:overworld 163 65 71)->(minecraft:overworld 225 69 163)} 3868
[14:25:16] [main/INFO]: Client Teleported Portal{1706,east,(minecraft:overworld 225 69 163)->(minecraft:overworld 163 65 71)} 3922
[14:25:33] [main/INFO]: Client Teleported Portal{1707,west,(minecraft:overworld 225 69 163)->(minecraft:overworld 163 65 71)} 4259
[14:25:37] [main/INFO]: Client Teleported Portal{1705,east,(minecraft:overworld 163 65 71)->(minecraft:overworld 225 69 163)} 4343
[14:25:38] [main/INFO]: Client Teleported Portal{1707,west,(minecraft:overworld 225 69 163)->(minecraft:overworld 163 65 71)} 4373
[14:26:26] [main/INFO]: Client Teleported Portal{1704,west,(minecraft:overworld 163 65 71)->(minecraft:overworld 225 69 163)} 5327
[14:26:28] [main/INFO]: Client Teleported Portal{1706,east,(minecraft:overworld 225 69 163)->(minecraft:overworld 163 65 71)} 5367
[14:26:29] [main/INFO]: Client Teleported Portal{1704,west,(minecraft:overworld 163 65 71)->(minecraft:overworld 225 69 163)} 5382
[14:26:29] [main/INFO]: Client Teleported Portal{1706,east,(minecraft:overworld 225 69 163)->(minecraft:overworld 163 65 71)} 5392
[14:26:33] [main/INFO]: Client Teleported Portal{1705,east,(minecraft:overworld 163 65 71)->(minecraft:overworld 225 69 163)} 5458
[14:26:38] [main/INFO]: Client Teleported Portal{1707,west,(minecraft:overworld 225 69 163)->(minecraft:overworld 163 65 71)} 5576
[14:26:39] [main/INFO]: Client Teleported Portal{1705,east,(minecraft:overworld 163 65 71)->(minecraft:overworld 225 69 163)} 5596
[14:26:41] [main/INFO]: Loaded 15 advancements
[14:26:41] [main/INFO]: Client Teleported Portal{1707,west,(minecraft:overworld 225 69 163)->(minecraft:overworld 163 65 71)} 5628
[14:26:42] [main/INFO]: Client Teleported Portal{1705,east,(minecraft:overworld 163 65 71)->(minecraft:overworld 225 69 163)} 5654
[14:26:43] [main/INFO]: Client Teleported Portal{1707,west,(minecraft:overworld 225 69 163)->(minecraft:overworld 163 65 71)} 5672
[14:26:46] [main/INFO]: Client Teleported Portal{1705,east,(minecraft:overworld 163 65 71)->(minecraft:overworld 225 69 163)} 5726
[14:26:56] [main/INFO]: Client Teleported Portal{1707,west,(minecraft:overworld 225 69 163)->(minecraft:overworld 163 65 71)} 5929
[14:26:59] [main/INFO]: Client Teleported Portal{1705,east,(minecraft:overworld 163 65 71)->(minecraft:overworld 225 69 163)} 5995
[14:27:00] [main/INFO]: Client Teleported Portal{1707,west,(minecraft:overworld 225 69 163)->(minecraft:overworld 163 65 71)} 5997
[14:27:00] [main/INFO]: Client Teleported Portal{1705,east,(minecraft:overworld 163 65 71)->(minecraft:overworld 225 69 163)} 6001
[14:27:00] [main/INFO]: Client Teleported Portal{1707,west,(minecraft:overworld 225 69 163)->(minecraft:overworld 163 65 71)} 6002
[14:27:08] [main/INFO]: Client Teleported Portal{1704,west,(minecraft:overworld 163 65 71)->(minecraft:overworld 225 69 163)} 6171
[14:27:11] [main/INFO]: Client Teleported Portal{1706,east,(minecraft:overworld 225 69 163)->(minecraft:overworld 163 65 71)} 6230
[14:27:22] [main/INFO]: Loaded 33 advancements
[14:27:26] [main/INFO]: Client Teleported Portal{1704,west,(minecraft:overworld 163 65 71)->(minecraft:overworld 225 69 163)} 6520
[14:27:35] [main/INFO]: Client Teleported Portal{1706,east,(minecraft:overworld 225 69 163)->(minecraft:overworld 163 65 71)} 6700
[14:27:44] [main/INFO]: Client Teleported Portal{1704,west,(minecraft:overworld 163 65 71)->(minecraft:overworld 225 69 163)} 6885
[14:27:54] [main/INFO]: Client Teleported Portal{1706,east,(minecraft:overworld 225 69 163)->(minecraft:overworld 163 65 71)} 7083
[14:28:12] [main/INFO]: Client Teleported Portal{1707,west,(minecraft:overworld 225 69 163)->(minecraft:overworld 163 65 71)} 7443
[14:28:13] [main/INFO]: Client Teleported Portal{1705,east,(minecraft:overworld 163 65 71)->(minecraft:overworld 225 69 163)} 7464
[14:28:20] [main/INFO]: Client Teleported Portal{1707,west,(minecraft:overworld 225 69 163)->(minecraft:overworld 163 65 71)} 7606
[14:28:23] [main/INFO]: Client Teleported Portal{1705,east,(minecraft:overworld 163 65 71)->(minecraft:overworld 225 69 163)} 7667
[14:28:24] [main/INFO]: Client Teleported Portal{1707,west,(minecraft:overworld 225 69 163)->(minecraft:overworld 163 65 71)} 7691
[14:28:25] [main/INFO]: Client Teleported Portal{1705,east,(minecraft:overworld 163 65 71)->(minecraft:overworld 225 69 163)} 7711
[14:28:27] [main/INFO]: Client Teleported Portal{1707,west,(minecraft:overworld 225 69 163)->(minecraft:overworld 163 65 71)} 7743
[14:28:27] [main/INFO]: Client Teleported Portal{1705,east,(minecraft:overworld 163 65 71)->(minecraft:overworld 225 69 163)} 7755
[14:28:28] [main/INFO]: Client Teleported Portal{1707,west,(minecraft:overworld 225 69 163)->(minecraft:overworld 163 65 71)} 7770
[14:28:35] [Server thread/INFO]: [GLgele: 将GLgele传送到 163.69999998807907, 64.0, 71.71781890382044]
[14:28:35] [main/INFO]: [CHAT] 将GLgele传送到 163.69999998807907, 64.0, 71.71781890382044
[14:28:38] [main/INFO]: Client Teleported Portal{1705,east,(minecraft:overworld 163 65 71)->(minecraft:overworld 225 69 163)} 7962
[14:28:38] [main/INFO]: Client Teleported Portal{1707,west,(minecraft:overworld 225 69 163)->(minecraft:overworld 163 65 71)} 7971
[14:28:40] [main/INFO]: Client Teleported Portal{1705,east,(minecraft:overworld 163 65 71)->(minecraft:overworld 225 69 163)} 8000
[14:28:40] [main/INFO]: Client Teleported Portal{1707,west,(minecraft:overworld 225 69 163)->(minecraft:overworld 163 65 71)} 8009
[14:28:40] [main/INFO]: Client Teleported Portal{1705,east,(minecraft:overworld 163 65 71)->(minecraft:overworld 225 69 163)} 8016
[14:28:41] [main/INFO]: Client Teleported Portal{1707,west,(minecraft:overworld 225 69 163)->(minecraft:overworld 163 65 71)} 8023
[14:28:42] [main/INFO]: Client Teleported Portal{1705,east,(minecraft:overworld 163 65 71)->(minecraft:overworld 225 69 163)} 8056
[14:28:43] [main/INFO]: Client Teleported Portal{1707,west,(minecraft:overworld 225 69 163)->(minecraft:overworld 163 65 71)} 8062
[14:28:44] [main/INFO]: Client Teleported Portal{1705,east,(minecraft:overworld 163 65 71)->(minecraft:overworld 225 69 163)} 8091
[14:28:45] [main/INFO]: Client Teleported Portal{1707,west,(minecraft:overworld 225 69 163)->(minecraft:overworld 163 65 71)} 8099
[14:28:45] [main/INFO]: Client Teleported Portal{1705,east,(minecraft:overworld 163 65 71)->(minecraft:overworld 225 69 163)} 8107
[14:28:45] [main/INFO]: Client Teleported Portal{1707,west,(minecraft:overworld 225 69 163)->(minecraft:overworld 163 65 71)} 8113
[14:28:46] [main/INFO]: Client Teleported Portal{1705,east,(minecraft:overworld 163 65 71)->(minecraft:overworld 225 69 163)} 8120
[14:28:46] [main/INFO]: Client Teleported Portal{1707,west,(minecraft:overworld 225 69 163)->(minecraft:overworld 163 65 71)} 8130
[14:28:47] [main/INFO]: Client Teleported Portal{1705,east,(minecraft:overworld 163 65 71)->(minecraft:overworld 225 69 163)} 8145
[14:28:48] [main/INFO]: Client Teleported Portal{1707,west,(minecraft:overworld 225 69 163)->(minecraft:overworld 163 65 71)} 8158
[14:28:48] [main/INFO]: Client Teleported Portal{1705,east,(minecraft:overworld 163 65 71)->(minecraft:overworld 225 69 163)} 8171
[14:28:48] [main/INFO]: Client Teleported Portal{1707,west,(minecraft:overworld 225 69 163)->(minecraft:overworld 163 65 71)} 8172
[14:28:53] [Server thread/INFO]: [GLgele: 将GLgele传送到 162.69999060515184, 64.0, 71.68865654143477]
[14:28:53] [main/INFO]: [CHAT] 将GLgele传送到 162.69999060515184, 64.0, 71.68865654143477
[14:28:53] [main/INFO]: Client player teleportation rejected
[14:28:59] [main/INFO]: Client Teleported Portal{1704,west,(minecraft:overworld 163 65 71)->(minecraft:overworld 225 69 163)} 8381
[14:29:41] [Server thread/INFO]: Saving and pausing game...
[14:29:41] [Server thread/INFO]: Saving chunks for level 'ServerWorld minecraft:overworld 新的世界'/minecraft:overworld
[14:29:42] [Server thread/INFO]: Saving chunks for level 'ServerWorld minecraft:the_nether 新的世界'/minecraft:the_nether
[14:29:42] [Server thread/INFO]: Saving chunks for level 'ServerWorld minecraft:the_end 新的世界'/minecraft:the_end
[14:29:42] [Server thread/INFO]: Saving chunks for level 'ServerWorld immersive_portals:alternate1 新的世界'/immersive_portals:alternate1
[14:29:42] [Server thread/INFO]: Saving chunks for level 'ServerWorld immersive_portals:alternate2 新的世界'/immersive_portals:alternate2
[14:29:42] [Server thread/INFO]: Saving chunks for level 'ServerWorld immersive_portals:alternate3 新的世界'/immersive_portals:alternate3
[14:29:42] [Server thread/INFO]: Saving chunks for level 'ServerWorld immersive_portals:alternate4 新的世界'/immersive_portals:alternate4
[14:29:42] [Server thread/INFO]: Saving chunks for level 'ServerWorld immersive_portals:alternate5 新的世界'/immersive_portals:alternate5
[14:29:43] [main/INFO]: Stopping!
[14:29:43] [Server thread/INFO]: GLgele lost connection: 连接中止
[14:29:43] [Server thread/INFO]: GLgele退出了游戏
[14:29:43] [Server thread/INFO]: Stopping singleplayer server as player logged out
[14:29:43] [Server thread/INFO]: Stopping server
[14:29:43] [Server thread/INFO]: Saving players
[14:29:43] [Server thread/INFO]: Saving worlds
[14:29:43] [Server thread/INFO]: Saving chunks for level 'ServerWorld minecraft:overworld 新的世界'/minecraft:overworld
[14:29:43] [Server thread/INFO]: ThreadedAnvilChunkStorage (新的世界): All chunks are saved
[14:29:43] [Server thread/INFO]: Saving chunks for level 'ServerWorld minecraft:the_nether 新的世界'/minecraft:the_nether
[14:29:43] [Server thread/INFO]: ThreadedAnvilChunkStorage (DIM-1): All chunks are saved
[14:29:43] [Server thread/INFO]: Saving chunks for level 'ServerWorld minecraft:the_end 新的世界'/minecraft:the_end
[14:29:43] [Server thread/INFO]: ThreadedAnvilChunkStorage (DIM1): All chunks are saved
[14:29:43] [Server thread/INFO]: Saving chunks for level 'ServerWorld immersive_portals:alternate1 新的世界'/immersive_portals:alternate1
[14:29:43] [Server thread/INFO]: ThreadedAnvilChunkStorage (alternate1): All chunks are saved
[14:29:43] [Server thread/INFO]: Saving chunks for level 'ServerWorld immersive_portals:alternate2 新的世界'/immersive_portals:alternate2
[14:29:43] [Server thread/INFO]: ThreadedAnvilChunkStorage (alternate2): All chunks are saved
[14:29:43] [Server thread/INFO]: Saving chunks for level 'ServerWorld immersive_portals:alternate3 新的世界'/immersive_portals:alternate3
[14:29:43] [Server thread/INFO]: ThreadedAnvilChunkStorage (alternate3): All chunks are saved
[14:29:43] [Server thread/INFO]: Saving chunks for level 'ServerWorld immersive_portals:alternate4 新的世界'/immersive_portals:alternate4
[14:29:43] [Server thread/INFO]: ThreadedAnvilChunkStorage (alternate4): All chunks are saved
[14:29:43] [Server thread/INFO]: Saving chunks for level 'ServerWorld immersive_portals:alternate5 新的世界'/immersive_portals:alternate5
[14:29:43] [Server thread/INFO]: ThreadedAnvilChunkStorage (alternate5): All chunks are saved
[14:29:43] [Server thread/INFO]: ThreadedAnvilChunkStorage (新的世界): All chunks are saved
[14:29:43] [Server thread/INFO]: ThreadedAnvilChunkStorage (DIM-1): All chunks are saved
[14:29:43] [Server thread/INFO]: ThreadedAnvilChunkStorage (DIM1): All chunks are saved
[14:29:43] [Server thread/INFO]: ThreadedAnvilChunkStorage (alternate1): All chunks are saved
[14:29:43] [Server thread/INFO]: ThreadedAnvilChunkStorage (alternate2): All chunks are saved
[14:29:43] [Server thread/INFO]: ThreadedAnvilChunkStorage (alternate3): All chunks are saved
[14:29:43] [Server thread/INFO]: ThreadedAnvilChunkStorage (alternate4): All chunks are saved
[14:29:43] [Server thread/INFO]: ThreadedAnvilChunkStorage (alternate5): All chunks are saved
