[17:26:05] [main/INFO]: Loading Minecraft 1.19.2 with Fabric Loader 0.14.12
[17:26:05] [ForkJoinPool-1-worker-8/WARN]: Mod com_github_jctools_jctools_jctools-core uses the version v4.0.1 which isn't compatible with Loader's extended semantic version format (Could not parse version number component 'v4'!), SemVer is recommended for reliably evaluating dependencies and prioritizing newer version
[17:26:05] [ForkJoinPool-1-worker-3/WARN]: Mod litematica_printer uses the version ${version} which isn't compatible with Loader's extended semantic version format (Could not parse version number component '${version}'!), SemVer is recommended for reliably evaluating dependencies and prioritizing newer version
[17:26:05] [main/INFO]: Dependencies overridden for fabric-api, cem, colormatic, debugify
[17:26:05] [main/WARN]: Warnings were found!
 - Mod 'Fabric API' (fabric-api) 0.70.0+1.19.2 recommends any version after 4.5.6 of Fabulously Optimized, which is missing!
	 - You should install any version after 4.5.6 of Fabulously Optimized for the optimal experience.
[17:26:05] [main/INFO]: Loading 156 mods:
	- advanced_runtime_resource_pack 0.6.2 via enhancedblockentities
	- advancementinfo 1.19.1-fabric0.58.5-1.3.1
	- animatica 0.5+1.19
	- antighost 1.19.1-fabric0.58.5-1.1.5
	- attributefix 17.2.7
	- bettermounthud 1.2.0
	- borderlessmining 1.1.5+1.19
	- caffeineconfig 1.0.0+1.17 via sodium-extra
	- capes 1.4.5+1.19
	- cem 0.7.1
	- cheatutils 0.9.0
	- citresewn 1.1.2+1.19.2
	- citresewn-defaults 1.1.2+1.19.2 via citresewn
	- cloth-basic-math 0.6.1 via cloth-config
	- cloth-config 8.2.88
	- colormatic 3.1.2+mc.1.19
	- com_github_jctools_jctools_jctools-core v4.0.1 via farsight
	- com_github_llamalad7_mixinextras 0.1.1 via zoomify
	- com_logisticscraft_occlusionculling 0.0.6-SNAPSHOT via entityculling
	- com_moandjiezana_toml_toml4j 0.7.2 via dynamicfps
	- completeconfig-base 2.0.0-beta.3 via cem
	- completeconfig-gui-cloth 2.0.0-beta.3 via cem
	- conditional-mixin 0.3.0 via cull-less-leaves
	- continuity 2.0.1+1.19
	- crowdin-translate 1.4+1.19 via antighost
	- cull-less-leaves 1.0.6
	- debugify 2.8.0
	- dev_isxander_settxi_settxi-core 2.10.5 via zoomify
	- dev_isxander_settxi_settxi-gui 2.10.5 via zoomify
	- dev_isxander_settxi_settxi-kotlinx-serialization 2.10.5 via zoomify
	- dynamicfps 2.2.0
	- enhancedblockentities 0.7.2+1.19.2
	- entity_texture_features 4.3.0
	- entityculling 1.5.2-mc1.19
	- fabric-api 0.70.0+1.19.2
	- fabric-api-base 0.4.14+6e0787e690 via fabric-api
	- fabric-api-lookup-api-v1 1.6.13+93d8cb8290 via fabric-api
	- fabric-biome-api-v1 9.0.21+4d0d570390 via fabric-api
	- fabric-block-api-v1 1.0.2+e415d50e90 via fabric-api
	- fabric-blockrenderlayer-v1 1.1.23+c6af733c90 via fabric-api
	- fabric-client-tags-api-v1 1.0.4+b35fea8390 via fabric-api
	- fabric-command-api-v1 1.2.14+f71b366f90 via fabric-api
	- fabric-command-api-v2 2.1.10+93d8cb8290 via fabric-api
	- fabric-commands-v0 0.2.31+df3654b390 via fabric-api
	- fabric-containers-v0 0.1.39+df3654b390 via fabric-api
	- fabric-content-registries-v0 3.5.0+7c6cd14d90 via fabric-api
	- fabric-convention-tags-v1 1.2.1+27265b3490 via fabric-api
	- fabric-crash-report-info-v1 0.2.8+aeb40ebe90 via fabric-api
	- fabric-data-generation-api-v1 5.3.4+ad31814d90 via fabric-api
	- fabric-dimensions-v1 2.1.34+0d0f210290 via fabric-api
	- fabric-entity-events-v1 1.5.3+9244241690 via fabric-api
	- fabric-events-interaction-v0 0.4.32+4d0d570390 via fabric-api
	- fabric-events-lifecycle-v0 0.2.32+df3654b390 via fabric-api
	- fabric-game-rule-api-v1 1.0.24+b6b6abb490 via fabric-api
	- fabric-item-api-v1 1.6.2+fa140d5990 via fabric-api
	- fabric-item-groups-v0 0.3.37+9244241690 via fabric-api
	- fabric-key-binding-api-v1 1.0.24+aaaf9d3390 via fabric-api
	- fabric-keybindings-v0 0.2.22+df3654b390 via fabric-api
	- fabric-language-kotlin 1.9.0+kotlin.1.8.0
	- fabric-lifecycle-events-v1 2.2.3+1b46dc7890 via fabric-api
	- fabric-loot-api-v2 1.1.11+83a8659290 via fabric-api
	- fabric-loot-tables-v1 1.1.14+9e7660c690 via fabric-api
	- fabric-message-api-v1 5.0.6+93d8cb8290 via fabric-api
	- fabric-mining-level-api-v1 2.1.22+33fbc73890 via fabric-api
	- fabric-models-v0 0.3.20+c6af733c90 via fabric-api
	- fabric-networking-api-v1 1.2.9+6e0787e690 via fabric-api
	- fabric-networking-v0 0.3.26+df3654b390 via fabric-api
	- fabric-object-builder-api-v1 4.1.4+4d0d570390 via fabric-api
	- fabric-particles-v1 1.0.13+4d0d570390 via fabric-api
	- fabric-registry-sync-v0 0.9.30+9244241690 via fabric-api
	- fabric-renderer-api-v1 1.1.1+6e0787e690 via fabric-api
	- fabric-renderer-indigo 0.6.18+aeb40ebe90 via fabric-api
	- fabric-renderer-registries-v1 3.2.23+df3654b390 via fabric-api
	- fabric-rendering-data-attachment-v1 0.3.18+6e0787e690 via fabric-api
	- fabric-rendering-fluids-v1 3.0.10+4d0d570390 via fabric-api
	- fabric-rendering-v0 1.1.26+df3654b390 via fabric-api
	- fabric-rendering-v1 1.12.0+08b73de490 via fabric-api
	- fabric-resource-conditions-api-v1 2.1.2+aae9039d90 via fabric-api
	- fabric-resource-loader-v0 0.8.3+251d254a90 via fabric-api
	- fabric-screen-api-v1 1.0.31+4d0d570390 via fabric-api
	- fabric-screen-handler-api-v1 1.3.5+1cc24b1b90 via fabric-api
	- fabric-sound-api-v1 1.0.2+c4f28df590 via fabric-api
	- fabric-textures-v0 1.0.23+aeb40ebe90 via fabric-api
	- fabric-transfer-api-v1 2.1.4+4d0d570390 via fabric-api
	- fabric-transitive-access-wideners-v1 1.3.3+08b73de490 via fabric-api
	- fabricloader 0.14.12
	- fabricskyboxes 0.6.1+mc1.19.2
	- fabrishot 1.9.1
	- farsight 1.19-2.4
	- ferritecore 5.0.3
	- fsb-interop 1.1.3+mc1.19.2-build.25
	- i18nupdatemod 3.1.0
	- indium 1.0.9+mc1.19.2
	- io_github_douira_glsl-transformer 2.0.0-pre8 via iris
	- iris 1.5.0
	- isxander-main-menu-credits 1.1.1
	- itemmodelfix 1.0.3+1.19
	- java 17
	- journeymap 5.9.2
	- journeymap-api-fabric 1.19.1-1.9-fabric-SNAPSHOT via journeymap
	- lambdabettergrass 1.3.0+1.19
	- lambdynlights 2.2.0+1.19.2
	- languagereload 1.4.1
	- lazydfu 0.1.3
	- litematica 0.12.6
	- litematica_printer ${version}
	- lithium 0.10.4
	- malilib 0.13.0
	- memoryleakfix 1.19.3-0.7.0
	- midnightcontrols 1.7.1+1.19
	- midnightlib 1.0.0 via tslatentitystatus
	- minecraft 1.19.2
	- mixin-conflict-helper 1.2.0
	- mixintrace 1.1.1+1.17
	- modmenu 4.1.2
	- morechathistory 1.1.1
	- nochatreports 1.19.2-v1.13.12
	- nofade 1.18-2.0.1
	- omega-config 1.2.3-1.18.1 via capes
	- optigui 1.1.6
	- org_anarres_jcpp 1.4.14 via iris
	- org_antlr_antlr4-runtime 4.11.1 via iris
	- org_apache_commons_commons-text 1.9 via optigui
	- org_apache_httpcomponents_httpmime 4.5.10 via entity_texture_features
	- org_aperlambda_lambdajcommon 1.8.1 via midnightcontrols
	- org_jetbrains_kotlin_kotlin-reflect 1.8.0 via fabric-language-kotlin
	- org_jetbrains_kotlin_kotlin-stdlib 1.8.0 via fabric-language-kotlin
	- org_jetbrains_kotlin_kotlin-stdlib-jdk7 1.8.0 via fabric-language-kotlin
	- org_jetbrains_kotlin_kotlin-stdlib-jdk8 1.8.0 via fabric-language-kotlin
	- org_jetbrains_kotlinx_atomicfu-jvm 0.18.5 via fabric-language-kotlin
	- org_jetbrains_kotlinx_kotlinx-coroutines-core-jvm 1.6.4 via fabric-language-kotlin
	- org_jetbrains_kotlinx_kotlinx-coroutines-jdk8 1.6.4 via fabric-language-kotlin
	- org_jetbrains_kotlinx_kotlinx-datetime-jvm 0.4.0 via fabric-language-kotlin
	- org_jetbrains_kotlinx_kotlinx-serialization-cbor-jvm 1.4.1 via fabric-language-kotlin
	- org_jetbrains_kotlinx_kotlinx-serialization-core-jvm 1.4.1 via fabric-language-kotlin
	- org_jetbrains_kotlinx_kotlinx-serialization-json-jvm 1.4.1 via fabric-language-kotlin
	- org_joml_joml 1.10.4 via sodium
	- pride 1.1.2+1.19 via lambdynlights
	- puzzle 1.4.0-1.19
	- puzzle-base 1.4.0-1.19 via puzzle
	- puzzle-gui 1.4.0-1.19 via puzzle
	- puzzle-models 1.4.0-1.19 via puzzle
	- puzzle-splashscreen 1.4.0-1.19 via puzzle
	- reeses-sodium-options 1.4.9+mc1.19.2-build.67
	- replaymod 1.19.2-2.6.10
	- settxi-gui-yacl 2.10.5 via zoomify
	- smoothboot 1.19-1.7.1
	- sodium 0.4.4+build.18
	- sodium-extra 0.4.16+mc1.19.2-build.90
	- spruceui 4.1.0+1.19.2 via lambdynlights
	- starlight 1.1.1+fabric.ae22326
	- tslatentitystatus 1.1.2
	- tweakeroo 0.14.3
	- yet-another-config-lib 1.7.1
	- yosbr 0.1.1
	- zoomify 2.9.0
[17:26:06] [main/INFO]: SpongePowered MIXIN Subsystem Version=0.8.5 Source=file:/D:/Users/Administrator/Documents/GitHub/DreamborderX-MC-CommandTest/.minecraft/libraries/net/fabricmc/sponge-mixin/0.11.4+mixin.0.8.5/sponge-mixin-0.11.4+mixin.0.8.5.jar Service=Knot/Fabric Env=CLIENT
[17:26:06] [main/INFO]: Compatibility level set to JAVA_16
[17:26:06] [main/INFO]: Compatibility level set to JAVA_17
[17:26:07] [main/INFO]: Preloading Debugify
[17:26:07] [main/INFO]: Loaded configuration file for Lithium: 106 options available, 1 override(s) found
[17:26:07] [main/WARN]: Reference map 'mixins.nonmmlauncher.replaymod.refmap.json' for mixins.nonmmlauncher.replaymod.json could not be read. If this is a development environment you can ignore this message
[17:26:07] [main/INFO]: Loaded configuration file for Sodium: 29 options available, 2 override(s) found
[17:26:07] [main/INFO]: Loaded configuration file for Sodium Extra: 28 options available, 0 override(s) found
[17:26:07] [main/WARN]: Force disabled MC-121772 because it only applies to OS: MAC
[17:26:07] [main/WARN]: Force disabled MC-122477 because it only applies to OS: LINUX
[17:26:07] [main/WARN]: Force disabled MC-59810 because it only applies to OS: MAC
[17:26:08] [main/WARN]: Force-disabling mixin 'alloc.blockstate.StateMixin' as rule 'mixin.alloc.blockstate' (added by mods [ferritecore]) disables it and children
[17:26:08] [main/WARN]: Force-disabling mixin 'features.fast_biome_colors.MixinBackgroundRenderer' as rule 'mixin.features.fast_biome_colors' (added by mods [colormatic]) disables it and children
[17:26:08] [main/WARN]: Force-disabling mixin 'features.fast_biome_colors.MixinClientWorld' as rule 'mixin.features.fast_biome_colors' (added by mods [colormatic]) disables it and children
[17:26:08] [main/WARN]: Force-disabling mixin 'features.sky.MixinWorldRenderer' as rule 'mixin.features.sky' (added by mods [iris]) disables it and children
[17:26:08] [main/INFO]: I used the json to destroy the json
[17:26:08] [main/WARN]: Error loading class: net/optifine/render/ChunkVisibility (java.lang.ClassNotFoundException: net/optifine/render/ChunkVisibility)
[17:26:08] [main/WARN]: Error loading class: shadersmod/client/ShadersRender (java.lang.ClassNotFoundException: shadersmod/client/ShadersRender)
[17:26:08] [main/WARN]: Error loading class: net/optifine/shaders/ShadersRender (java.lang.ClassNotFoundException: net/optifine/shaders/ShadersRender)
[17:26:09] [main/INFO]: Smooth Boot config initialized
[17:26:12] [main/INFO]: Mixing server.MixinPlayer from nochatreports.mixins.json into net.minecraft.class_1657
[17:26:16] [main/INFO]: Building unoptimized datafixer
[17:26:20] [Render thread/WARN]: Method overwrite conflict for method_22920 in sodium.mixins.json:features.buffer_builder.intrinsics.MixinBufferBuilder from mod sodium, previously written by net.coderbot.iris.mixin.vertices.block_rendering.MixinBufferBuilder_SeparateAo. Skipping method.
[17:26:20] [Render thread/INFO]: Mixing client.MixinTitleScreen from nochatreports.mixins.json into net.minecraft.class_442
[17:26:20] [Render thread/INFO]: Mixing client.MixinLocalPlayer from nochatreports.mixins.json into net.minecraft.class_746
[17:26:20] [Render thread/INFO]: Mixing client.MixinChatScreen from nochatreports.mixins.json into net.minecraft.class_408
[17:26:20] [Render thread/INFO]: Renaming synthetic method lambda$onInit$4(Lnet/minecraft/class_4185;Lnet/minecraft/class_4587;II)V to mdcb3316$lambda$onInit$4$1 in nochatreports.mixins.json:client.MixinChatScreen from mod nochatreports
[17:26:20] [Render thread/INFO]: Renaming synthetic method lambda$onInit$3(Lnet/minecraft/class_4185;)V to mdcb3316$lambda$onInit$3$2 in nochatreports.mixins.json:client.MixinChatScreen from mod nochatreports
[17:26:20] [Render thread/INFO]: Renaming synthetic method lambda$onInit$2(Lcom/aizistral/nochatreports/core/ServerSafetyLevel;Lnet/minecraft/class_4185;Lnet/minecraft/class_4587;II)V to mdcb3316$lambda$onInit$2$3 in nochatreports.mixins.json:client.MixinChatScreen from mod nochatreports
[17:26:20] [Render thread/INFO]: Renaming synthetic method lambda$onInit$1(Lnet/minecraft/class_4185;)V to mdcb3316$lambda$onInit$1$4 in nochatreports.mixins.json:client.MixinChatScreen from mod nochatreports
[17:26:20] [Render thread/INFO]: Renaming synthetic method lambda$onBeforeMessage$0(Ljava/lang/String;Lorg/spongepowered/asm/mixin/injection/callback/CallbackInfoReturnable;Lcom/aizistral/nochatreports/encryption/Encryptor;)V to mdcb3316$lambda$onBeforeMessage$0$5 in nochatreports.mixins.json:client.MixinChatScreen from mod nochatreports
[17:26:21] [Render thread/WARN]: Method overwrite conflict for getEntityManager in lithium.mixins.json:chunk.entity_class_groups.ClientWorldMixin from mod lithium, previously written by com.zergatul.cheatutils.mixins.MixinClientWorld. Skipping method.
[17:26:21] [Render thread/INFO]: Environment: authHost='https://littleskin.cn/api/yggdrasil/authserver', accountsHost='http://127.0.0.1:53414/https/api.mojang.com', sessionHost='http://127.0.0.1:53414/https/sessionserver.mojang.com', servicesHost='http://127.0.0.1:53414/https/api.minecraftservices.com', name='PROD'
[17:26:21] [Render thread/INFO]: Setting user: RuoBai07
[17:26:21] [Render thread/INFO]: Mixing client.MixinToastComponent from nochatreports.mixins.json into net.minecraft.class_374
[17:26:21] [Render thread/INFO]: Saving config because the loaded bug fixes are different to stored json.
[17:26:21] [Render thread/INFO]: Saving Debugify
[17:26:21] [Render thread/INFO]: Enabled 12 bug fixes: [MC-26757, MC-59810, MC-89146, MC-90683, MC-112730, MC-121772, MC-122477, MC-135973, MC-140646, MC-199467, MC-237493, MC-249059]
[17:26:21] [Render thread/INFO]: Successfully Debugify'd your game!
[17:26:22] [Render thread/INFO]: Mixing server.MixinServerGamePacketListenerImpl from nochatreports.mixins.json into net.minecraft.class_3244
[17:26:22] [Render thread/WARN]: @Redirect conflict. Skipping mixins.tweakeroo.json:MixinServerPlayNetworkHandler from mod tweakeroo->@Redirect::tweakeroo_removeHitPosCheck(Lnet/minecraft/class_243;Lnet/minecraft/class_243;)Lnet/minecraft/class_243; with priority 1005, already redirected by mixins.litematica.json:MixinServerPlayNetworkHandler from mod litematica->@Redirect::litematica_removeHitPosCheck(Lnet/minecraft/class_243;Lnet/minecraft/class_243;)Lnet/minecraft/class_243; with priority 1010
[17:26:22] [Render thread/INFO]: farsight mod initialized
[17:26:22] [Render thread/INFO]: Initializing ServerSide Packet Registries
[17:26:22] [Render thread/INFO]: [MidnightControls] Initializing MidnightControls...
[17:26:22] [Render thread/INFO]: KONNICHIWA ZA WARUDO!
[17:26:22] [Render thread/INFO]: Default JVM text encoding is: GB18030
[17:26:22] [Render thread/INFO]: Reading config file NoChatReports/NCR-Common.json...
[17:26:22] [Render thread/INFO]: Reading config file NoChatReports/NCR-Client.json...
[17:26:22] [Render thread/INFO]: Reading config file NoChatReports/NCR-ServerWhitelist.json...
[17:26:22] [Render thread/INFO]: Reading config file NoChatReports/NCR-Encryption.json...
[17:26:22] [Render thread/INFO]: Writing config file NoChatReports/NCR-Common.json...
[17:26:22] [Render thread/INFO]: Writing config file NoChatReports/NCR-Client.json...
[17:26:22] [Render thread/INFO]: Writing config file NoChatReports/NCR-ServerWhitelist.json...
[17:26:22] [Render thread/INFO]: Writing config file NoChatReports/NCR-Encryption.json...
[17:26:22] [Render thread/INFO]: NoFadeIn is running
[17:26:22] [Render thread/INFO]: AdvancementInfo initialized
[17:26:24] [Render thread/WARN]: Injection warning: LVT in net/minecraft/class_922::method_24302(Lnet/minecraft/class_1309;ZZZ)Lnet/minecraft/class_1921; has incompatible changes at opcode 122 in callback entity_texture_features-common.mixins.json:entity.renderer.MixinLivingEntityRenderer from mod entity_texture_features->@Inject::etf$renderLayerAlter(Lnet/minecraft/class_1309;ZZZLorg/spongepowered/asm/mixin/injection/callback/CallbackInfoReturnable;Lnet/minecraft/class_2960;)V.
 Expected: [Lnet/minecraft/class_2960;]
    Found: []
Available: []
[17:26:25] [Render thread/INFO]: Loading 62 entities from Custom Entity Models 0.7.1
[17:26:25] [Render thread/WARN]: Method overwrite conflict for getChannel in mixins.recording.replaymod.json:NetworkManagerAccessor from mod (unknown), previously written by com.zergatul.cheatutils.mixins.MixinClientConnection. Skipping method.
[17:26:25] [Render thread/INFO]: Registered: com.zergatul.cheatutils.controllers.NetworkPacketsController
[17:26:25] [Render thread/INFO]: Registered: com.zergatul.cheatutils.controllers.KeyBindingsController
[17:26:25] [Render thread/INFO]: Registered: com.zergatul.cheatutils.controllers.RenderController
[17:26:25] [Render thread/INFO]: Registered: com.zergatul.cheatutils.controllers.TeleportController
[17:26:25] [Render thread/INFO]: Registered: com.zergatul.cheatutils.controllers.AutoFishController
[17:26:25] [Render thread/INFO]: Registered: com.zergatul.cheatutils.controllers.AutoTotemController
[17:26:25] [Render thread/INFO]: Registered: com.zergatul.cheatutils.controllers.ElytraHackController
[17:26:25] [Render thread/INFO]: Registered: com.zergatul.cheatutils.controllers.ChunkOverlayController
[17:26:25] [Render thread/INFO]: Registered: com.zergatul.cheatutils.controllers.KillAuraController
[17:26:25] [Render thread/INFO]: Registered: com.zergatul.cheatutils.controllers.FreeCamController
[17:26:25] [Render thread/INFO]: Registered: com.zergatul.cheatutils.controllers.FlyHackController
[17:26:25] [Render thread/INFO]: [citresewn] Registering CIT Conditions
[17:26:25] [Render thread/INFO]: [citresewn] Registering CIT Types
[17:26:25] [Render thread/INFO]: Re-caching descriptions because json doesn't match config.
[17:26:25] [Render thread/INFO]: Connecting to 'bugs.mojang.com' to cache bug descriptions!
[17:26:26] [Render thread/WARN]: Static binding violation: PRIVATE @Overwrite method method_23182 in sodium.mixins.json:features.item.MixinItemRenderer from mod sodium cannot reduce visibiliy of PUBLIC target method, visibility will be upgraded.
[17:26:26] [Render thread/INFO]: Loading Entity Texture Features, Thank you for 3 Million downloads :)
[17:26:26] [Render thread/INFO]: [Indigo] Different rendering plugin detected; not applying Indigo.
[17:26:26] [Render thread/INFO]: I18nUpdate Mod is loaded in 1.19.2 with Fabric
[17:26:26] [Render thread/INFO]: Minecraft path: D:\Users\Administrator\Documents\GitHub\DreamborderX-MC-CommandTest\.minecraft\versions\1.19.2 - Fabulously Optimized
[17:26:26] [Render thread/INFO]: User home: C:\Users\GLgel
[17:26:26] [Render thread/WARN]: You are using unofficial Minecraft Mod Language Modpack!
[17:26:26] [Render thread/WARN]: Using it with your own risk!
[17:26:26] [Render thread/INFO]: Temp and current file has already been synchronized
[17:26:30] [Render thread/INFO]: C:\Users\GLgel\.i18nupdatemod\1.19.2\Minecraft-Mod-Language-Modpack-1-18-FabricT1-19-1o2-Fabric.zip md5: 11c1a7421502a6af6ac09e22d67aa7d9, remote md5: 11C1A7421502A6AF6AC09E22D67AA7D9
[17:26:30] [Render thread/INFO]: Already up to date.
[17:26:30] [Render thread/INFO]: [LambdaBetterGrass] Initializing LambdaBetterGrass...
[17:26:30] [Render thread/INFO]: [LambdaBetterGrass] Configuration loaded.
[17:26:30] [Render thread/INFO]: [LambDynLights] Initializing LambDynamicLights...
[17:26:30] [Render thread/INFO]: [LambDynLights] Configuration loaded.
[17:26:31] [Render thread/INFO]: Mixing client.MixinJoinMultiplayerScreen from nochatreports.mixins.json into net.minecraft.class_500
[17:26:31] [Render thread/INFO]: Renaming synthetic method lambda$onInit$3(Lnet/minecraft/class_4185;Lnet/minecraft/class_4587;II)V to mdcb3316$lambda$onInit$3$0 in nochatreports.mixins.json:client.MixinJoinMultiplayerScreen from mod nochatreports
[17:26:31] [Render thread/INFO]: Renaming synthetic method lambda$onInit$2(Lnet/minecraft/class_4185;)V to mdcb3316$lambda$onInit$2$1 in nochatreports.mixins.json:client.MixinJoinMultiplayerScreen from mod nochatreports
[17:26:31] [Render thread/INFO]: Renaming synthetic method lambda$onInit$1(Lnet/minecraft/class_4185;Lnet/minecraft/class_4587;II)V to mdcb3316$lambda$onInit$1$2 in nochatreports.mixins.json:client.MixinJoinMultiplayerScreen from mod nochatreports
[17:26:31] [Render thread/INFO]: Renaming synthetic method lambda$onInit$0(Lnet/minecraft/class_4185;)V to mdcb3316$lambda$onInit$0$3 in nochatreports.mixins.json:client.MixinJoinMultiplayerScreen from mod nochatreports
[17:26:31] [Render thread/INFO]: Mixing client.AccessorDisconnectedScreen from nochatreports.mixins.json into net.minecraft.class_419
[17:26:31] [Render thread/INFO]: Client initialization...
[17:26:31] [Render thread/INFO]: OptiGUI initialized.
[17:26:31] [Render thread/INFO]: Mixing client.MixinOptions from nochatreports.mixins.json into net.minecraft.class_315
[17:26:31] [Render thread/INFO]: Renaming synthetic method lambda$onlyShowSecureChat$1(Ljava/lang/Boolean;)V to mdcb3316$lambda$onlyShowSecureChat$1$4 in nochatreports.mixins.json:client.MixinOptions from mod nochatreports
[17:26:31] [Render thread/INFO]: Renaming synthetic method lambda$onlyShowSecureChat$0(Lnet/minecraft/class_2561;Ljava/lang/Boolean;)Lnet/minecraft/class_2561; to mdcb3316$lambda$onlyShowSecureChat$0$5 in nochatreports.mixins.json:client.MixinOptions from mod nochatreports
[17:26:31] [Render thread/INFO]: Mixing client.MixinChatComponent from nochatreports.mixins.json into net.minecraft.class_338
[17:26:31] [Render thread/INFO]: Renaming synthetic method lambda$modifyGUIMessage$1()V to mdcb3316$lambda$modifyGUIMessage$1$0 in nochatreports.mixins.json:client.MixinChatComponent from mod nochatreports
[17:26:31] [Render thread/INFO]: Renaming synthetic method lambda$modifyGUIMessage$0(Lnet/minecraft/class_5348;Lnet/minecraft/class_2561;)V to mdcb3316$lambda$modifyGUIMessage$0$1 in nochatreports.mixins.json:client.MixinChatComponent from mod nochatreports
[17:26:31] [Render thread/INFO]: Mixing client.MixinGuiMessageTagIcon from nochatreports.mixins.json into net.minecraft.class_7591$class_7592
[17:26:31] [Render thread/INFO]: Renaming @Invoker method create(Ljava/lang/String;IIIII)Lnet/minecraft/class_7591$class_7592; to create_$md$cb3316$0 in nochatreports.mixins.json:client.MixinGuiMessageTagIcon from mod nochatreports
[17:26:32] [Render thread/INFO]: Backend library: LWJGL version 3.3.1 SNAPSHOT
[17:26:33] [Render thread/INFO]: ARB_direct_state_access detected, enabling DSA.
[17:26:33] [Render thread/INFO]: Debug functionality is disabled.
[17:26:34] [Render thread/INFO]: Profile: Custom (+42 options changed by user)
[17:26:35] [Render thread/INFO]: Using shaderpack: ComplementaryShaders_v4.6.zip
[17:26:35] [Render thread/INFO]: ARRP register - before vanilla
[17:26:35] [Render thread/INFO]: ARRP register - after vanilla
[17:26:37] [Render thread/INFO]: Hardware information:
[17:26:37] [Render thread/INFO]: CPU: 8x Intel(R) Core(TM) i7-4790K CPU @ 4.00GHz
[17:26:37] [Render thread/INFO]: GPU: NVIDIA GeForce GTX 960/PCIe/SSE2 (Supports OpenGL 3.2.0 NVIDIA 531.79)
[17:26:37] [Render thread/INFO]: OS: Windows 10 (10.0)
[17:26:37] [Render thread/INFO]: Mixing client.MixinProfileKeyPairManager from nochatreports.mixins.json into net.minecraft.class_7434
[17:26:37] [Render thread/INFO]: Narrator library for x64 successfully loaded
[17:26:38] [Render thread/INFO]: Mixing client.MixinChatListener from nochatreports.mixins.json into net.minecraft.class_7594
[17:26:38] [Render thread/INFO]: Reloading ResourceManager: Default, Fabric Mods (Runtime Resource Pack, AdvancementInfo, Animatica, AntiGhost, AttributeFix, Better Mount HUD, Borderless Mining, CaffeineConfig, Capes, Custom Entity Models, CheatUtils, CIT Resewn, CIT Resewn: Defaults, Cloth Config v8, Colormatic, completeconfig-base, conditional mixin, Continuity, Cull Less Leaves, Debugify, Dynamic FPS, Enhanced Block Entities, Entity Texture Features, EntityCulling-Fabric, Fabric API, Fabric API Base, Fabric API Lookup API (v1), Fabric Biome API (v1), Fabric Block API (v1), Fabric BlockRenderLayer Registration (v1), Fabric Client Tags, Fabric Command API (v1), Fabric Command API (v2), Fabric Commands (v0), Fabric Containers (v0), Fabric Content Registries (v0), Fabric Convention Tags, Fabric Crash Report Info (v1), Fabric Data Generation API (v1), Fabric Dimensions API (v1), Fabric Entity Events (v1), Fabric Events Interaction (v0), Fabric Events Lifecycle (v0), Fabric Game Rule API (v1), Fabric Item API (v1), Fabric Item Groups (v0), Fabric Key Binding API (v1), Fabric Key Bindings (v0), Fabric Language Kotlin, Fabric Lifecycle Events (v1), Fabric Loot API (v2), Fabric Loot Tables (v1), Fabric Message API (v1), Fabric Mining Level API (v1), Fabric Models (v0), Fabric Networking API (v1), Fabric Networking (v0), Fabric Object Builder API (v1), Fabric Particles (v1), Fabric Registry Sync (v0), Fabric Renderer API (v1), Fabric Renderer - Indigo, Fabric Renderer Registries (v1), Fabric Rendering Data Attachment (v1), Fabric Rendering Fluids (v1), Fabric Rendering (v0), Fabric Rendering (v1), Fabric Resource Conditions API (v1), Fabric Resource Loader (v0), Fabric Screen API (v1), Fabric Screen Handler API (v1), Fabric Sound API (v1), Fabric Textures (v0), Fabric Transfer API (v1), Fabric Transitive Access Wideners (v1), Fabric Loader, FabricSkyBoxes, Fabrishot, Farsight Mod, FabricSkyBoxes Interop, Indium, Iris, Item Model Fix, Journeymap, LambdaBetterGrass, LambDynamicLights, Language Reload, LazyDFU, Litematica, Litematica Printer, Lithium, MaLiLib, memory Leak Fix, MidnightControls, MidnightLib, MixinTrace, Mod Menu, MoreChatHistory, No Chat Reports, No Fade, OmegaConfig, OptiGUI, Pride Lib, Puzzle, Puzzle Base, Puzzle GUI, Puzzle Models, Puzzle Splash Screen, Reese's Sodium Options, Replay Mod, Smooth Boot, Sodium, Sodium Extra, SpruceUI, Starlight, TES, Tweakeroo, YetAnotherConfigLib, YOSBR, Zoomify), lambdabettergrass/default, continuity/default, continuity/glass_pane_culling_fix, Mod Menu Helper.zip, Programmer Art (Runtime Resource Pack, AdvancementInfo, Animatica, AntiGhost, AttributeFix, Better Mount HUD, Borderless Mining, CaffeineConfig, Capes, Custom Entity Models, CheatUtils, CIT Resewn, CIT Resewn: Defaults, Cloth Config v8, Colormatic, completeconfig-base, conditional mixin, Continuity, Cull Less Leaves, Debugify, Dynamic FPS, Enhanced Block Entities, Entity Texture Features, EntityCulling-Fabric, Fabric API, Fabric API Base, Fabric API Lookup API (v1), Fabric Biome API (v1), Fabric Block API (v1), Fabric BlockRenderLayer Registration (v1), Fabric Client Tags, Fabric Command API (v1), Fabric Command API (v2), Fabric Commands (v0), Fabric Containers (v0), Fabric Content Registries (v0), Fabric Convention Tags, Fabric Crash Report Info (v1), Fabric Data Generation API (v1), Fabric Dimensions API (v1), Fabric Entity Events (v1), Fabric Events Interaction (v0), Fabric Events Lifecycle (v0), Fabric Game Rule API (v1), Fabric Item API (v1), Fabric Item Groups (v0), Fabric Key Binding API (v1), Fabric Key Bindings (v0), Fabric Language Kotlin, Fabric Lifecycle Events (v1), Fabric Loot API (v2), Fabric Loot Tables (v1), Fabric Message API (v1), Fabric Mining Level API (v1), Fabric Models (v0), Fabric Networking API (v1), Fabric Networking (v0), Fabric Object Builder API (v1), Fabric Particles (v1), Fabric Registry Sync (v0), Fabric Renderer API (v1), Fabric Renderer - Indigo, Fabric Renderer Registries (v1), Fabric Rendering Data Attachment (v1), Fabric Rendering Fluids (v1), Fabric Rendering (v0), Fabric Rendering (v1), Fabric Resource Conditions API (v1), Fabric Resource Loader (v0), Fabric Screen API (v1), Fabric Screen Handler API (v1), Fabric Sound API (v1), Fabric Textures (v0), Fabric Transfer API (v1), Fabric Transitive Access Wideners (v1), Fabric Loader, FabricSkyBoxes, Fabrishot, Farsight Mod, FabricSkyBoxes Interop, Indium, Iris, Item Model Fix, Journeymap, LambdaBetterGrass, LambDynamicLights, Language Reload, LazyDFU, Litematica, Litematica Printer, Lithium, MaLiLib, memory Leak Fix, MidnightControls, MidnightLib, MixinTrace, Mod Menu, MoreChatHistory, No Chat Reports, No Fade, OmegaConfig, OptiGUI, Pride Lib, Puzzle, Puzzle Base, Puzzle GUI, Puzzle Models, Puzzle Splash Screen, Reese's Sodium Options, Replay Mod, Smooth Boot, Sodium, Sodium Extra, SpruceUI, Starlight, TES, Tweakeroo, YetAnotherConfigLib, YOSBR, Zoomify), Minecraft-Mod-Language-Modpack-1-18-FabricT1-19-1o2-Fabric.zip, Firework 2023 RESSOURCEPACK by Skyblock Squad.zip, replaymod_lang
[17:26:38] [Render thread/INFO]: [LambdaBetterGrass] Inject generated resource packs.
[17:26:38] [Render thread/INFO]: ARRP register - before vanilla
[17:26:38] [Render thread/INFO]: ARRP register - after vanilla
[17:26:38] [Render thread/ERROR]: [citresewn] Caution! Broken paths is enabled!
[17:26:38] [Render thread/INFO]: Creating pipeline for dimension OVERWORLD
[17:26:38] [Render thread/INFO]: Starting custom uniform resolving
[17:26:38] [Realms Notification Availability checker #1/INFO]: Could not authorize you against Realms server: Invalid session id
[17:26:38] [Render thread/WARN]: Failed to resolve uniform rainStrength, reason: Variable shadows build in uniform: rainStrength ( = FunctionCall{clamp {[Id{rainStrength}, Number{0.0}, Number{1.0}]} })
java.lang.Exception: Variable shadows build in uniform: rainStrength
	at net.coderbot.iris.uniforms.custom.CustomUniforms.addVariable(CustomUniforms.java:175) ~[iris-mc1.19.2-1.5.0.jar:?]
	at net.coderbot.iris.uniforms.custom.CustomUniforms.<init>(CustomUniforms.java:56) ~[iris-mc1.19.2-1.5.0.jar:?]
	at net.coderbot.iris.uniforms.custom.CustomUniforms$Builder.build(CustomUniforms.java:317) ~[iris-mc1.19.2-1.5.0.jar:?]
	at net.coderbot.iris.uniforms.custom.CustomUniforms$Builder.build(CustomUniforms.java:329) ~[iris-mc1.19.2-1.5.0.jar:?]
	at net.coderbot.iris.pipeline.newshader.NewWorldRenderingPipeline.<init>(NewWorldRenderingPipeline.java:215) ~[iris-mc1.19.2-1.5.0.jar:?]
	at net.coderbot.iris.Iris.createPipeline(Iris.java:656) ~[iris-mc1.19.2-1.5.0.jar:?]
	at net.coderbot.iris.pipeline.PipelineManager.preparePipeline(PipelineManager.java:34) [iris-mc1.19.2-1.5.0.jar:?]
	at net.coderbot.iris.Iris.onLoadingComplete(Iris.java:225) [iris-mc1.19.2-1.5.0.jar:?]
	at net.minecraft.class_442.handler$bgp000$iris$showSodiumIncompatScreen(class_442.java:563) [client-intermediary.jar:?]
	at net.minecraft.class_442.method_25426(class_442.java:157) [client-intermediary.jar:?]
	at net.minecraft.class_437.method_41843(class_437.java:389) [client-intermediary.jar:?]
	at net.minecraft.class_437.method_25423(class_437.java:380) [client-intermediary.jar:?]
	at net.minecraft.class_310.method_1507(class_310.java:1035) [client-intermediary.jar:?]
	at net.minecraft.class_310.<init>(class_310.java:668) [client-intermediary.jar:?]
	at net.minecraft.client.main.Main.method_44604(Main.java:205) [client-intermediary.jar:?]
	at net.minecraft.client.main.Main.main(Main.java:51) [client-intermediary.jar:?]
	at net.fabricmc.loader.impl.game.minecraft.MinecraftGameProvider.launch(MinecraftGameProvider.java:461) [fabric-loader-0.14.12.jar:?]
	at net.fabricmc.loader.impl.launch.knot.Knot.launch(Knot.java:74) [fabric-loader-0.14.12.jar:?]
	at net.fabricmc.loader.impl.launch.knot.KnotClient.main(KnotClient.java:23) [fabric-loader-0.14.12.jar:?]
[17:26:41] [Render thread/WARN]: [Patcher] gl_FragColor is not supported yet, please use gl_FragData! Assuming that the shaderpack author intended to use gl_FragData[0]...
[17:26:43] [Render thread/INFO]: [MidnightControls] Configuration loaded.
[17:26:43] [Render thread/INFO]: [MidnightControls] Updating controller mappings...
[17:26:43] [Render thread/INFO]: [MemoryLeakFix] Attempting to ForceLoad All Mixins and clear cache
[17:26:43] [Worker-Main-7/WARN]: Unable to resolve texture reference: #missing in minecraft:item/melon_seeds
[17:26:43] [Worker-Main-7/WARN]: Texture minecraft:item/scheinwerferlogo with size 534x542 limits mip level from 4 to 1
[17:26:43] [Worker-Main-7/WARN]: minecraft:textures/atlas/blocks.png: dropping miplevel from 4 to 1, because of minimum power of two: 2
[17:26:43] [Render thread/INFO]: Mixing client.MixinGuiMessageTag from nochatreports.mixins.json into net.minecraft.class_7591
[17:26:43] [Render thread/INFO]: Mixing server.MixinServerboundChatPacket from nochatreports.mixins.json into net.minecraft.class_2797
[17:26:44] [Render thread/INFO]: Mixing client.MixinOnlineServerEntry from nochatreports.mixins.json into net.minecraft.class_4267$class_4270
[17:26:44] [Render thread/INFO]: Renaming synthetic method lambda$onRender$0()Ljava/util/ArrayList; to mdcb3316$lambda$onRender$0$0 in nochatreports.mixins.json:client.MixinOnlineServerEntry from mod nochatreports
[17:26:44] [Render thread/INFO]: Mixing common.MixinServerStatus from nochatreports.mixins.json into net.minecraft.class_2926
[17:26:44] [Render thread/INFO]: Mixing client.MixinPlayerEntry from nochatreports.mixins.json into net.minecraft.class_5519
[17:26:44] [Render thread/INFO]: Renaming synthetic method lambda$onConstructed$1(Lnet/minecraft/class_4185;)V to mdcb3316$lambda$onConstructed$1$0 in nochatreports.mixins.json:client.MixinPlayerEntry from mod nochatreports
[17:26:44] [Render thread/INFO]: Renaming synthetic method lambda$onConstructed$0(Lnet/minecraft/class_4185;)V to mdcb3316$lambda$onConstructed$0$1 in nochatreports.mixins.json:client.MixinPlayerEntry from mod nochatreports
[17:26:44] [Render thread/INFO]: Mixing client.MixinClientTelemetryManager from nochatreports.mixins.json into net.minecraft.class_6628
[17:26:44] [Render thread/INFO]: Mixing server.MixinPlayerList from nochatreports.mixins.json into net.minecraft.class_3324
[17:26:44] [Render thread/INFO]: Mixing client.MixinClientboundHelloPacket from nochatreports.mixins.json into net.minecraft.class_2905
[17:26:44] [Render thread/WARN]: Method overwrite conflict for getProgress in languagereload.mixins.json:AdvancementWidgetAccessor from mod languagereload, previously written by de.guntram.mcmod.advancementinfo.mixin.AdvancementWidgetMixin. Skipping method.
[17:26:44] [Render thread/INFO]: Mixing client.MixinRealmsConnect from nochatreports.mixins.json into net.minecraft.class_4902
[17:26:44] [Render thread/INFO]: Mixing common.MixinServerStatusSerializer from nochatreports.mixins.json into net.minecraft.class_2926$class_2929
[17:26:45] [Render thread/WARN]: @Redirect conflict. Skipping mixins.iris.compat.sodium.json:vertex_format.MixinFluidRenderer from mod iris->@Redirect::iris$fixSidewaysInnerFaceNormal(Lme/jellysquid/mods/sodium/client/model/IndexBufferBuilder;ILme/jellysquid/mods/sodium/client/model/quad/properties/ModelQuadWinding;Lnet/minecraft/class_1920;Lnet/minecraft/class_3610;Lnet/minecraft/class_2338;Lnet/minecraft/class_2338;Lme/jellysquid/mods/sodium/client/render/chunk/compile/buffers/ChunkModelBuilder;)V with priority 1000, already redirected by mixins.iris.compat.sodium.json:vertex_format.MixinFluidRenderer from mod iris->@Redirect::iris$fixBackwardUpFaceNormal(Lme/jellysquid/mods/sodium/client/model/IndexBufferBuilder;ILme/jellysquid/mods/sodium/client/model/quad/properties/ModelQuadWinding;Lnet/minecraft/class_1920;Lnet/minecraft/class_3610;Lnet/minecraft/class_2338;Lnet/minecraft/class_2338;Lme/jellysquid/mods/sodium/client/render/chunk/compile/buffers/ChunkModelBuilder;)V with priority 1000
[17:26:45] [Render thread/INFO]: Mixing client.MixinConnectScreen from nochatreports.mixins.json into net.minecraft.class_412
[17:26:45] [Render thread/INFO]: Mixing client.MixinServerData from nochatreports.mixins.json into net.minecraft.class_642
[17:26:45] [Render thread/INFO]: Mixing client.MixinChatOptionsScreen from nochatreports.mixins.json into net.minecraft.class_404
[17:26:45] [Render thread/INFO]: Mixing client.MixinServerStatusPinger$1 from nochatreports.mixins.json into net.minecraft.class_644$1
[17:26:45] [Render thread/INFO]: [MemoryLeakFix] Done ForceLoad and clearing SpongePowered cache
[17:26:45] [Render thread/INFO]: Loaded values for 13 compatible attributes.
[17:26:45] [Render thread/INFO]: Loaded 13 values from config.
[17:26:45] [Render thread/INFO]: Saving config file. 13 entries.
[17:26:45] [Render thread/INFO]: Applying changes for 13 attributes.
[17:26:45] [Render thread/INFO]: Initializing ClientSide Packet Registries
[17:26:45] [Render thread/INFO]: No plugins for JourneyMap API discovered.
[17:26:45] [Render thread/INFO]: JourneyMap log initialized.
[17:26:45] [Render thread/INFO]: initialize ENTER
[17:26:45] [Render thread/INFO]: [ClientAPI] built with JourneyMap API 1.9-SNAPSHOT
[17:26:45] [Render thread/INFO]: Initializing plugins with Client API: journeymap.client.api.impl.ClientAPI
[17:26:46] [Render thread/INFO]: Preloaded theme textures: 73
[17:26:46] [Render thread/INFO]: initialize EXIT, elapsed count 1 avg 1322.44ms
[17:26:46] [Render thread/INFO]: postInitialize EXIT, elapsed count 1 avg 7.02ms
[17:26:47] [Render thread/WARN]: Missing sound for event: minecraft:item.goat_horn.play
[17:26:47] [Render thread/WARN]: Missing sound for event: minecraft:entity.goat.screaming.horn_break
[17:26:47] [Render thread/INFO]: OpenAL initialized on device OpenAL Soft on Realtek HD Audio 2nd output (Realtek High Definition Audio)
[17:26:47] [Render thread/INFO]: Sound engine started
[17:26:47] [Render thread/INFO]: Created: 2048x2048x1 minecraft:textures/atlas/blocks.png-atlas
[17:26:47] [Render thread/INFO]: Created: 256x128x4 minecraft:textures/atlas/signs.png-atlas
[17:26:47] [Render thread/INFO]: Created: 512x512x4 minecraft:textures/atlas/banner_patterns.png-atlas
[17:26:47] [Render thread/INFO]: Created: 512x512x4 minecraft:textures/atlas/shield_patterns.png-atlas
[17:26:47] [Render thread/INFO]: Created: 256x256x4 minecraft:textures/atlas/chest.png-atlas
[17:26:47] [Render thread/INFO]: Created: 512x256x4 minecraft:textures/atlas/beds.png-atlas
[17:26:47] [Render thread/INFO]: Created: 512x256x4 minecraft:textures/atlas/shulker_boxes.png-atlas
[17:26:49] [Render thread/WARN]: getErrorETFTexture() was called, investigate this if called too much
[17:26:49] [Render thread/INFO]: emissive suffixes loaded: {_e}
[17:26:49] [Render thread/WARN]: Shader rendertype_entity_translucent_emissive could not find sampler named Sampler2 in the specified shader program.
[17:26:49] [Render thread/INFO]: Created: 256x256x0 minecraft:textures/atlas/particles.png-atlas
[17:26:49] [Render thread/INFO]: Created: 256x256x0 minecraft:textures/atlas/paintings.png-atlas
[17:26:49] [Render thread/INFO]: Created: 128x128x0 minecraft:textures/atlas/mob_effects.png-atlas
[17:26:49] [Render thread/WARN]: Removing existing FSB skies...
[17:26:49] [Render thread/WARN]: FSB-Interop is preventing native FabricSkyBoxes resource packs from loading!
[17:26:49] [Render thread/WARN]: FSB-Interop is converting MCPatcher/OptiFine custom skies resource packs! Any visual bugs are likely caused by FSB-Interop. Please do not report these issues to FabricSkyBoxes nor Resource Pack creators!
[17:26:49] [Render thread/INFO]: Looking for OptiFine/MCPatcher Skies...
[17:26:50] [Render thread/INFO]: emissive suffixes loaded: {_e}
[17:26:50] [Render thread/INFO]: Loaded color palette for 880 blockstates in 498ms
[17:26:50] [Render thread/INFO]: Loaded color palette for 880 blockstates in 38ms
[17:26:50] [Render thread/INFO]: Loaded color palette for 880 blockstates in 43ms
[17:26:51] [Render thread/INFO]: Loaded color palette for 880 blockstates in 35ms
[17:26:51] [Render thread/INFO]: Loaded color palette for 880 blockstates in 39ms
[17:26:51] [Render thread/INFO]: Loaded color palette for 880 blockstates in 41ms
[17:26:51] [Render thread/INFO]: Loaded color palette for 880 blockstates in 29ms
[17:26:51] [Render thread/INFO]: Loaded color palette for 880 blockstates in 36ms
[17:26:51] [Render thread/INFO]: Loaded color palette for 880 blockstates in 35ms
[17:26:51] [Render thread/INFO]: Loaded color palette for 880 blockstates in 33ms
[17:26:52] [JM-VersionCheck-1/INFO]: Newer version online: JourneyMap 5.9.7 for Minecraft 1.19.2 on https://www.curseforge.com/minecraft/mc-mods/journeymap/files/4532890
[17:26:55] [Render thread/WARN]: Couldn't get pack info for: net.minecraft.class_3266: 'pack.mcmeta' in ResourcePack 'D:\Users\Administrator\Documents\GitHub\DreamborderX-MC-CommandTest\.minecraft\versions\1.19.2 - Fabulously Optimized\saves\四象传\datapacks\test_datapack.zip'
[17:26:55] [Render thread/INFO]: ARRP register - before vanilla
[17:26:55] [Render thread/INFO]: ARRP register - after vanilla
[17:26:56] [Render thread/INFO]: [fabric-registry-sync] Loaded registry data [file 1/4]
[17:26:57] [Worker-Main-1/WARN]: Invalid path in datapack: test:recipes/muban copy.json, ignoring
[17:26:58] [Render thread/INFO]: Loaded 7 recipes
[17:26:58] [Render thread/INFO]: Loaded 1179 advancements
[17:26:59] [Render thread/INFO]: emissive suffixes loaded: {_e}
[17:26:59] [Render thread/INFO]: Applied 0 biome modifications to 0 of 63 new biomes in 3.791 ms
[17:26:59] [Server thread/INFO]: Starting integrated minecraft server version 1.19.2
[17:26:59] [Server thread/INFO]: Generating keypair
[17:27:00] [Server thread/INFO]: Preparing start region for dimension minecraft:overworld
[17:27:04] [Render thread/INFO]: 准备生成区域中：0%
[17:27:04] [Render thread/INFO]: 准备生成区域中：0%
[17:27:04] [Render thread/INFO]: 准备生成区域中：0%
[17:27:04] [Render thread/INFO]: 准备生成区域中：0%
[17:27:04] [Render thread/INFO]: 准备生成区域中：0%
[17:27:04] [Render thread/INFO]: 准备生成区域中：0%
[17:27:04] [Render thread/INFO]: 准备生成区域中：0%
[17:27:04] [Render thread/INFO]: 准备生成区域中：0%
[17:27:04] [Render thread/INFO]: 准备生成区域中：0%
[17:27:04] [Render thread/INFO]: 准备生成区域中：0%
[17:27:05] [Render thread/INFO]: 准备生成区域中：17%
[17:27:05] [Render thread/INFO]: 准备生成区域中：43%
[17:27:06] [Render thread/INFO]: Time elapsed: 5916 ms
[17:27:06] [Server thread/INFO]: [Server] ok
[17:27:06] [Server thread/INFO]: Changing view distance to 14, from 10
[17:27:06] [Server thread/INFO]: Changing simulation distance to 6, from 0
[17:27:11] [Server thread/INFO]: RuoBai07[local:E:3c782d97] logged in with entity id 73 at (-134.50066708965355, 54.0, -149.36258807714512)
[17:27:11] [Server thread/INFO]: RuoBai07加入了游戏
[17:27:12] [Render thread/INFO]: Started 2 worker threads
[17:27:12] [Render thread/INFO]: Using 3 total BufferBuilder caches
[17:27:12] [Render thread/WARN]: Unable to read property: west with value: false for blockstate: {Name:"minecraft:cobblestone_wall",Properties:{east:"false",north:"false",south:"false",up:"false",west:"false"}}
[17:27:12] [Render thread/WARN]: Unable to read property: east with value: false for blockstate: {Name:"minecraft:cobblestone_wall",Properties:{east:"false",north:"false",south:"false",up:"false",west:"false"}}
[17:27:12] [Render thread/WARN]: Unable to read property: south with value: false for blockstate: {Name:"minecraft:cobblestone_wall",Properties:{east:"false",north:"false",south:"false",up:"false",west:"false"}}
[17:27:12] [Render thread/WARN]: Unable to read property: north with value: false for blockstate: {Name:"minecraft:cobblestone_wall",Properties:{east:"false",north:"false",south:"false",up:"false",west:"false"}}
[17:27:12] [Render thread/WARN]: Unable to read property: west with value: false for blockstate: {Name:"minecraft:mossy_cobblestone_wall",Properties:{east:"false",north:"false",south:"false",up:"false",west:"false"}}
[17:27:12] [Render thread/WARN]: Unable to read property: east with value: false for blockstate: {Name:"minecraft:mossy_cobblestone_wall",Properties:{east:"false",north:"false",south:"false",up:"false",west:"false"}}
[17:27:12] [Render thread/WARN]: Unable to read property: south with value: false for blockstate: {Name:"minecraft:mossy_cobblestone_wall",Properties:{east:"false",north:"false",south:"false",up:"false",west:"false"}}
[17:27:12] [Render thread/WARN]: Unable to read property: north with value: false for blockstate: {Name:"minecraft:mossy_cobblestone_wall",Properties:{east:"false",north:"false",south:"false",up:"false",west:"false"}}
[17:27:13] [Render thread/INFO]: Loaded 0 advancements
[17:27:16] [Render thread/INFO]: Animated skins are disabled!
[17:27:16] [Worker-Main-2/INFO]: [STDOUT]: https://littleskin.cn/textures/399683dd1eebbecd8b42de0a838a427d3acd12d1cb6c217aadc211f10171550d
[17:27:17] [Render thread/INFO]: [STDOUT]: Initializing printer, player: class_746['RuoBai07'/73, l='ClientLevel', x=-134.50, y=54.00, z=-149.36], client: net.minecraft.class_310@34243ccd
[17:27:17] [Thread-33/INFO]: [STDOUT]: Cannot look for updates: PKIX path building failed: sun.security.provider.certpath.SunCertPathBuilderException: unable to find valid certification path to requested target
[17:27:17] [Thread-33/INFO]: [CHAT] [17:27:17] New version of Litematica Printer available in https://github.com/aleksilassila/litematica-printer/releases
[17:27:17] [Render thread/INFO]: [CHAT] [17:27:17] §eJourneyMap (旅行地图) : §f按下 [§bJ§f]
[17:27:17] [Render thread/INFO]: JourneyMap (旅行地图) : 按下 [J]
[17:27:17] [Render thread/INFO]: Loaded 0 waypoints from D:\Users\Administrator\Documents\GitHub\DreamborderX-MC-CommandTest\.minecraft\versions\1.19.2 - Fabulously Optimized\journeymap\data\sp\四象传\waypoints
[17:27:17] [Render thread/INFO]: Mapping started in D:\Users\Administrator\Documents\GitHub\DreamborderX-MC-CommandTest\.minecraft\versions\1.19.2 - Fabulously Optimized\journeymap\data\sp\四象传\overworld. Memory: 3776MB total, 2486MB free 
[17:27:18] [Server thread/INFO]: Saving and pausing game...
[17:27:18] [Server thread/INFO]: Saving chunks for level 'ServerLevel[§4『四象传』§9-775717909制作]'/minecraft:overworld
[17:27:18] [Server thread/INFO]: Saving chunks for level 'ServerLevel[§4『四象传』§9-775717909制作]'/minecraft:the_end
[17:27:18] [Server thread/INFO]: Saving chunks for level 'ServerLevel[§4『四象传』§9-775717909制作]'/minecraft:the_nether
[17:28:21] [Render thread/INFO]: Generating YACL screen
[17:28:21] [Render thread/INFO]: Generating YACL screen
[17:28:22] [Render thread/INFO]: Generating YACL screen
[17:28:22] [Render thread/WARN]: Warning! Mod cheatutils has a broken icon, loading default icon
[17:28:25] [Render thread/WARN]: Warning! Mod i18nupdatemod has a broken icon, loading default icon
[17:28:34] [Render thread/WARN]: Warning! Mod journeymap-api-fabric has a broken icon, loading default icon
[17:29:20] [Server thread/INFO]: Saving and pausing game...
[17:29:20] [Server thread/INFO]: Saving chunks for level 'ServerLevel[§4『四象传』§9-775717909制作]'/minecraft:overworld
[17:29:21] [Server thread/INFO]: Saving chunks for level 'ServerLevel[§4『四象传』§9-775717909制作]'/minecraft:the_end
[17:29:21] [Server thread/INFO]: Saving chunks for level 'ServerLevel[§4『四象传』§9-775717909制作]'/minecraft:the_nether
[17:29:22] [Render thread/INFO]: Generating YACL screen
[17:29:22] [Render thread/INFO]: Generating YACL screen
[17:29:22] [Render thread/INFO]: Generating YACL screen
[17:30:38] [Server thread/INFO]: Saving and pausing game...
[17:30:38] [Server thread/INFO]: Saving chunks for level 'ServerLevel[§4『四象传』§9-775717909制作]'/minecraft:overworld
[17:30:38] [Server thread/INFO]: Saving chunks for level 'ServerLevel[§4『四象传』§9-775717909制作]'/minecraft:the_end
[17:30:38] [Server thread/INFO]: Saving chunks for level 'ServerLevel[§4『四象传』§9-775717909制作]'/minecraft:the_nether
[17:30:39] [Render thread/INFO]: Generating YACL screen
[17:30:39] [Render thread/INFO]: Generating YACL screen
[17:30:39] [Render thread/INFO]: Generating YACL screen
[17:33:13] [Server thread/INFO]: Saving and pausing game...
[17:33:13] [Server thread/INFO]: Saving chunks for level 'ServerLevel[§4『四象传』§9-775717909制作]'/minecraft:overworld
[17:33:13] [Server thread/INFO]: Saving chunks for level 'ServerLevel[§4『四象传』§9-775717909制作]'/minecraft:the_end
[17:33:13] [Server thread/INFO]: Saving chunks for level 'ServerLevel[§4『四象传』§9-775717909制作]'/minecraft:the_nether
[17:34:40] [Server thread/WARN]: Couldn't get pack info for: net.minecraft.class_3266: 'pack.mcmeta' in ResourcePack 'D:\Users\Administrator\Documents\GitHub\DreamborderX-MC-CommandTest\.minecraft\versions\1.19.2 - Fabulously Optimized\saves\四象传\datapacks\test_datapack.zip'
[17:34:40] [Server thread/WARN]: Couldn't get pack info for: net.minecraft.class_3266: 'pack.mcmeta' in ResourcePack 'D:\Users\Administrator\Documents\GitHub\DreamborderX-MC-CommandTest\.minecraft\versions\1.19.2 - Fabulously Optimized\saves\四象传\datapacks\test_datapack.zip'
[17:34:40] [Render thread/INFO]: [CHAT] [17:34:40] 已启用3个数据包：[vanilla（内置）], [Fabric Mods（Fabric mod）], [file/test_datapack（世界）]
[17:34:40] [Render thread/INFO]: [CHAT] [17:34:40] 已无更多可用的数据包
[17:34:49] [Server thread/INFO]: [RuoBai07: 已执行函数test:aaa中的1条命令]
[17:34:49] [Render thread/INFO]: [CHAT] [17:34:49] 已执行函数test:aaa中的1条命令
[17:35:14] [Render thread/WARN]: Unable to play empty soundEvent: minecraft:entity.tropical_fish.ambient
[17:35:17] [Server thread/INFO]: Saving and pausing game...
[17:35:17] [Server thread/INFO]: Saving chunks for level 'ServerLevel[§4『四象传』§9-775717909制作]'/minecraft:overworld
[17:35:17] [Server thread/INFO]: Saving chunks for level 'ServerLevel[§4『四象传』§9-775717909制作]'/minecraft:the_end
[17:35:17] [Server thread/INFO]: Saving chunks for level 'ServerLevel[§4『四象传』§9-775717909制作]'/minecraft:the_nether
[17:35:40] [Render thread/INFO]: Flushed changes to Minecraft configuration
[17:36:13] [Server thread/INFO]: Saving and pausing game...
[17:36:13] [Server thread/INFO]: Saving chunks for level 'ServerLevel[§4『四象传』§9-775717909制作]'/minecraft:overworld
[17:36:13] [Server thread/INFO]: Saving chunks for level 'ServerLevel[§4『四象传』§9-775717909制作]'/minecraft:the_end
[17:36:13] [Server thread/INFO]: Saving chunks for level 'ServerLevel[§4『四象传』§9-775717909制作]'/minecraft:the_nether
[17:39:06] [Server thread/INFO]: [RuoBai07: 已将自己的游戏模式设置为旁观模式]
[17:39:06] [Render thread/INFO]: [CHAT] [17:39:06] 已将自己的游戏模式设置为旁观模式
[17:39:15] [Server thread/INFO]: [RuoBai07: 已将自己的游戏模式设置为创造模式]
[17:39:15] [Render thread/INFO]: [CHAT] [17:39:15] 已将自己的游戏模式设置为创造模式
[17:39:15] [Render thread/INFO]: Loaded 8 advancements
[17:39:31] [Render thread/INFO]: [CHAT] [17:39:31] 错误的命令参数
[17:39:31] [Render thread/INFO]: [CHAT] [17:39:31] gamemode sp<--[此处]
[17:39:33] [Render thread/INFO]: [CHAT] [17:39:33] 错误的命令参数
[17:39:33] [Render thread/INFO]: [CHAT] [17:39:33] gamemode sp<--[此处]
[17:39:35] [Server thread/INFO]: [RuoBai07: 已将自己的游戏模式设置为旁观模式]
[17:39:35] [Render thread/INFO]: [CHAT] [17:39:35] 已将自己的游戏模式设置为旁观模式
[17:39:40] [Server thread/INFO]: [RuoBai07: 已将自己的游戏模式设置为生存模式]
[17:39:40] [Render thread/INFO]: [CHAT] [17:39:40] 已将自己的游戏模式设置为生存模式
[17:39:52] [Server thread/INFO]: Saving and pausing game...
[17:39:52] [Server thread/INFO]: Saving chunks for level 'ServerLevel[§4『四象传』§9-775717909制作]'/minecraft:overworld
[17:39:52] [Server thread/INFO]: Saving chunks for level 'ServerLevel[§4『四象传』§9-775717909制作]'/minecraft:the_end
[17:39:52] [Server thread/INFO]: Saving chunks for level 'ServerLevel[§4『四象传』§9-775717909制作]'/minecraft:the_nether
[17:40:19] [Render thread/INFO]: Loaded 9 advancements
[17:40:27] [Server thread/INFO]: Saving and pausing game...
[17:40:27] [Server thread/INFO]: Saving chunks for level 'ServerLevel[§4『四象传』§9-775717909制作]'/minecraft:overworld
[17:40:27] [Server thread/INFO]: Saving chunks for level 'ServerLevel[§4『四象传』§9-775717909制作]'/minecraft:the_end
[17:40:27] [Server thread/INFO]: Saving chunks for level 'ServerLevel[§4『四象传』§9-775717909制作]'/minecraft:the_nether
[17:41:08] [Server thread/INFO]: Saving and pausing game...
[17:41:08] [Server thread/INFO]: Saving chunks for level 'ServerLevel[§4『四象传』§9-775717909制作]'/minecraft:overworld
[17:41:08] [Server thread/INFO]: Saving chunks for level 'ServerLevel[§4『四象传』§9-775717909制作]'/minecraft:the_end
[17:41:08] [Server thread/INFO]: Saving chunks for level 'ServerLevel[§4『四象传』§9-775717909制作]'/minecraft:the_nether
[17:41:34] [Server thread/INFO]: Saving and pausing game...
[17:41:34] [Server thread/INFO]: Saving chunks for level 'ServerLevel[§4『四象传』§9-775717909制作]'/minecraft:overworld
[17:41:34] [Server thread/INFO]: Saving chunks for level 'ServerLevel[§4『四象传』§9-775717909制作]'/minecraft:the_end
[17:41:34] [Server thread/INFO]: Saving chunks for level 'ServerLevel[§4『四象传』§9-775717909制作]'/minecraft:the_nether
[17:41:50] [Render thread/INFO]: Destroying pipeline OVERWORLD
[17:41:50] [Render thread/INFO]: Profile: HIGH (+37 options changed by user)
[17:41:51] [Render thread/INFO]: Using shaderpack: ComplementaryShaders_v4.6.zip
[17:41:51] [Render thread/INFO]: Creating pipeline for dimension OVERWORLD
[17:41:51] [Render thread/INFO]: Starting custom uniform resolving
[17:41:51] [Render thread/WARN]: Failed to resolve uniform rainStrength, reason: Variable shadows build in uniform: rainStrength ( = FunctionCall{clamp {[Id{rainStrength}, Number{0.0}, Number{1.0}]} })
java.lang.Exception: Variable shadows build in uniform: rainStrength
	at net.coderbot.iris.uniforms.custom.CustomUniforms.addVariable(CustomUniforms.java:175) ~[iris-mc1.19.2-1.5.0.jar:?]
	at net.coderbot.iris.uniforms.custom.CustomUniforms.<init>(CustomUniforms.java:56) ~[iris-mc1.19.2-1.5.0.jar:?]
	at net.coderbot.iris.uniforms.custom.CustomUniforms$Builder.build(CustomUniforms.java:317) ~[iris-mc1.19.2-1.5.0.jar:?]
	at net.coderbot.iris.uniforms.custom.CustomUniforms$Builder.build(CustomUniforms.java:329) ~[iris-mc1.19.2-1.5.0.jar:?]
	at net.coderbot.iris.pipeline.newshader.NewWorldRenderingPipeline.<init>(NewWorldRenderingPipeline.java:215) ~[iris-mc1.19.2-1.5.0.jar:?]
	at net.coderbot.iris.Iris.createPipeline(Iris.java:656) ~[iris-mc1.19.2-1.5.0.jar:?]
	at net.coderbot.iris.pipeline.PipelineManager.preparePipeline(PipelineManager.java:34) ~[iris-mc1.19.2-1.5.0.jar:?]
	at net.coderbot.iris.Iris.reload(Iris.java:598) ~[iris-mc1.19.2-1.5.0.jar:?]
	at net.coderbot.iris.apiimpl.IrisApiV0ConfigImpl.setShadersEnabledAndApply(IrisApiV0ConfigImpl.java:28) ~[iris-mc1.19.2-1.5.0.jar:?]
	at net.coderbot.iris.gui.screen.ShaderPackScreen.applyChanges(ShaderPackScreen.java:542) ~[iris-mc1.19.2-1.5.0.jar:?]
	at net.coderbot.iris.gui.screen.ShaderPackScreen.lambda$init$2(ShaderPackScreen.java:227) ~[iris-mc1.19.2-1.5.0.jar:?]
	at net.minecraft.class_4185.method_25306(class_4185.java:43) ~[client-intermediary.jar:?]
	at net.minecraft.class_4264.method_25348(class_4264.java:16) ~[client-intermediary.jar:?]
	at net.minecraft.class_339.method_25402(class_339.java:120) ~[client-intermediary.jar:?]
	at net.minecraft.class_4069.method_25402(class_4069.java:27) ~[client-intermediary.jar:?]
	at net.coderbot.iris.gui.screen.ShaderPackScreen.method_25402(ShaderPackScreen.java:180) ~[iris-mc1.19.2-1.5.0.jar:?]
	at net.minecraft.class_312.method_1611(class_312.java:94) ~[client-intermediary.jar:?]
	at net.minecraft.class_437.method_25412(class_437.java:489) ~[client-intermediary.jar:?]
	at net.minecraft.class_312.method_1601(class_312.java:94) ~[client-intermediary.jar:?]
	at net.minecraft.class_312.method_22686(class_312.java:165) ~[client-intermediary.jar:?]
	at net.minecraft.class_1255.execute(class_1255.java:103) ~[client-intermediary.jar:?]
	at net.minecraft.class_312.method_22684(class_312.java:165) ~[client-intermediary.jar:?]
	at org.lwjgl.glfw.GLFWMouseButtonCallbackI.callback(GLFWMouseButtonCallbackI.java:43) [lwjgl-glfw-3.3.1.jar:?]
	at org.lwjgl.system.JNI.invokeV(Native Method) ~[lwjgl-3.3.1.jar:?]
	at org.lwjgl.glfw.GLFW.glfwPollEvents(GLFW.java:3403) [lwjgl-glfw-3.3.1.jar:?]
	at com.mojang.blaze3d.systems.RenderSystem.flipFrame(RenderSystem.java:197) [client-intermediary.jar:?]
	at net.minecraft.class_1041.method_15998(class_1041.java:315) [client-intermediary.jar:?]
	at net.minecraft.class_310.method_1523(class_310.java:1205) [client-intermediary.jar:?]
	at net.minecraft.class_310.method_1514(class_310.java:768) [client-intermediary.jar:?]
	at net.minecraft.client.main.Main.method_44604(Main.java:244) [client-intermediary.jar:?]
	at net.minecraft.client.main.Main.main(Main.java:51) [client-intermediary.jar:?]
	at net.fabricmc.loader.impl.game.minecraft.MinecraftGameProvider.launch(MinecraftGameProvider.java:461) [fabric-loader-0.14.12.jar:?]
	at net.fabricmc.loader.impl.launch.knot.Knot.launch(Knot.java:74) [fabric-loader-0.14.12.jar:?]
	at net.fabricmc.loader.impl.launch.knot.KnotClient.main(KnotClient.java:23) [fabric-loader-0.14.12.jar:?]
[17:41:51] [Render thread/WARN]: [Patcher] gl_FragColor is not supported yet, please use gl_FragData! Assuming that the shaderpack author intended to use gl_FragData[0]...
[17:42:28] [Render thread/INFO]: Destroying pipeline OVERWORLD
[17:42:28] [Render thread/INFO]: Profile: HIGH (+37 options changed by user)
[17:42:28] [Render thread/INFO]: Using shaderpack: ComplementaryShaders_v4.6.zip
[17:42:28] [Render thread/INFO]: Creating pipeline for dimension OVERWORLD
[17:42:28] [Render thread/INFO]: Starting custom uniform resolving
[17:42:29] [Render thread/WARN]: Failed to resolve uniform rainStrength, reason: Variable shadows build in uniform: rainStrength ( = FunctionCall{clamp {[Id{rainStrength}, Number{0.0}, Number{1.0}]} })
java.lang.Exception: Variable shadows build in uniform: rainStrength
	at net.coderbot.iris.uniforms.custom.CustomUniforms.addVariable(CustomUniforms.java:175) ~[iris-mc1.19.2-1.5.0.jar:?]
	at net.coderbot.iris.uniforms.custom.CustomUniforms.<init>(CustomUniforms.java:56) ~[iris-mc1.19.2-1.5.0.jar:?]
	at net.coderbot.iris.uniforms.custom.CustomUniforms$Builder.build(CustomUniforms.java:317) ~[iris-mc1.19.2-1.5.0.jar:?]
	at net.coderbot.iris.uniforms.custom.CustomUniforms$Builder.build(CustomUniforms.java:329) ~[iris-mc1.19.2-1.5.0.jar:?]
	at net.coderbot.iris.pipeline.newshader.NewWorldRenderingPipeline.<init>(NewWorldRenderingPipeline.java:215) ~[iris-mc1.19.2-1.5.0.jar:?]
	at net.coderbot.iris.Iris.createPipeline(Iris.java:656) ~[iris-mc1.19.2-1.5.0.jar:?]
	at net.coderbot.iris.pipeline.PipelineManager.preparePipeline(PipelineManager.java:34) ~[iris-mc1.19.2-1.5.0.jar:?]
	at net.coderbot.iris.Iris.reload(Iris.java:598) ~[iris-mc1.19.2-1.5.0.jar:?]
	at net.coderbot.iris.apiimpl.IrisApiV0ConfigImpl.setShadersEnabledAndApply(IrisApiV0ConfigImpl.java:28) ~[iris-mc1.19.2-1.5.0.jar:?]
	at net.coderbot.iris.gui.screen.ShaderPackScreen.applyChanges(ShaderPackScreen.java:542) ~[iris-mc1.19.2-1.5.0.jar:?]
	at net.coderbot.iris.gui.screen.ShaderPackScreen.lambda$init$5(ShaderPackScreen.java:244) ~[iris-mc1.19.2-1.5.0.jar:?]
	at net.minecraft.class_4185.method_25306(class_4185.java:43) ~[client-intermediary.jar:?]
	at net.minecraft.class_4264.method_25348(class_4264.java:16) ~[client-intermediary.jar:?]
	at net.minecraft.class_339.method_25402(class_339.java:120) ~[client-intermediary.jar:?]
	at net.minecraft.class_4069.method_25402(class_4069.java:27) ~[client-intermediary.jar:?]
	at net.coderbot.iris.gui.screen.ShaderPackScreen.method_25402(ShaderPackScreen.java:180) ~[iris-mc1.19.2-1.5.0.jar:?]
	at net.minecraft.class_312.method_1611(class_312.java:94) ~[client-intermediary.jar:?]
	at net.minecraft.class_437.method_25412(class_437.java:489) ~[client-intermediary.jar:?]
	at net.minecraft.class_312.method_1601(class_312.java:94) ~[client-intermediary.jar:?]
	at net.minecraft.class_312.method_22686(class_312.java:165) ~[client-intermediary.jar:?]
	at net.minecraft.class_1255.execute(class_1255.java:103) ~[client-intermediary.jar:?]
	at net.minecraft.class_312.method_22684(class_312.java:165) ~[client-intermediary.jar:?]
	at org.lwjgl.glfw.GLFWMouseButtonCallbackI.callback(GLFWMouseButtonCallbackI.java:43) [lwjgl-glfw-3.3.1.jar:?]
	at org.lwjgl.system.JNI.invokeV(Native Method) ~[lwjgl-3.3.1.jar:?]
	at org.lwjgl.glfw.GLFW.glfwPollEvents(GLFW.java:3403) [lwjgl-glfw-3.3.1.jar:?]
	at com.mojang.blaze3d.systems.RenderSystem.flipFrame(RenderSystem.java:197) [client-intermediary.jar:?]
	at net.minecraft.class_1041.method_15998(class_1041.java:315) [client-intermediary.jar:?]
	at net.minecraft.class_310.method_1523(class_310.java:1205) [client-intermediary.jar:?]
	at net.minecraft.class_310.method_1514(class_310.java:768) [client-intermediary.jar:?]
	at net.minecraft.client.main.Main.method_44604(Main.java:244) [client-intermediary.jar:?]
	at net.minecraft.client.main.Main.main(Main.java:51) [client-intermediary.jar:?]
	at net.fabricmc.loader.impl.game.minecraft.MinecraftGameProvider.launch(MinecraftGameProvider.java:461) [fabric-loader-0.14.12.jar:?]
	at net.fabricmc.loader.impl.launch.knot.Knot.launch(Knot.java:74) [fabric-loader-0.14.12.jar:?]
	at net.fabricmc.loader.impl.launch.knot.KnotClient.main(KnotClient.java:23) [fabric-loader-0.14.12.jar:?]
[17:43:29] [Render thread/INFO]: Destroying pipeline OVERWORLD
[17:43:29] [Render thread/INFO]: Profile: HIGH (+37 options changed by user)
[17:43:29] [Render thread/INFO]: Using shaderpack: ComplementaryShaders_v4.6.zip
[17:43:29] [Render thread/INFO]: Creating pipeline for dimension OVERWORLD
[17:43:29] [Render thread/INFO]: Starting custom uniform resolving
[17:43:29] [Render thread/WARN]: Failed to resolve uniform rainStrength, reason: Variable shadows build in uniform: rainStrength ( = FunctionCall{clamp {[Id{rainStrength}, Number{0.0}, Number{1.0}]} })
java.lang.Exception: Variable shadows build in uniform: rainStrength
	at net.coderbot.iris.uniforms.custom.CustomUniforms.addVariable(CustomUniforms.java:175) ~[iris-mc1.19.2-1.5.0.jar:?]
	at net.coderbot.iris.uniforms.custom.CustomUniforms.<init>(CustomUniforms.java:56) ~[iris-mc1.19.2-1.5.0.jar:?]
	at net.coderbot.iris.uniforms.custom.CustomUniforms$Builder.build(CustomUniforms.java:317) ~[iris-mc1.19.2-1.5.0.jar:?]
	at net.coderbot.iris.uniforms.custom.CustomUniforms$Builder.build(CustomUniforms.java:329) ~[iris-mc1.19.2-1.5.0.jar:?]
	at net.coderbot.iris.pipeline.newshader.NewWorldRenderingPipeline.<init>(NewWorldRenderingPipeline.java:215) ~[iris-mc1.19.2-1.5.0.jar:?]
	at net.coderbot.iris.Iris.createPipeline(Iris.java:656) ~[iris-mc1.19.2-1.5.0.jar:?]
	at net.coderbot.iris.pipeline.PipelineManager.preparePipeline(PipelineManager.java:34) ~[iris-mc1.19.2-1.5.0.jar:?]
	at net.coderbot.iris.Iris.reload(Iris.java:598) ~[iris-mc1.19.2-1.5.0.jar:?]
	at net.coderbot.iris.apiimpl.IrisApiV0ConfigImpl.setShadersEnabledAndApply(IrisApiV0ConfigImpl.java:28) ~[iris-mc1.19.2-1.5.0.jar:?]
	at net.coderbot.iris.gui.screen.ShaderPackScreen.applyChanges(ShaderPackScreen.java:542) ~[iris-mc1.19.2-1.5.0.jar:?]
	at net.coderbot.iris.gui.screen.ShaderPackScreen.lambda$init$2(ShaderPackScreen.java:227) ~[iris-mc1.19.2-1.5.0.jar:?]
	at net.minecraft.class_4185.method_25306(class_4185.java:43) ~[client-intermediary.jar:?]
	at net.minecraft.class_4264.method_25348(class_4264.java:16) ~[client-intermediary.jar:?]
	at net.minecraft.class_339.method_25402(class_339.java:120) ~[client-intermediary.jar:?]
	at net.minecraft.class_4069.method_25402(class_4069.java:27) ~[client-intermediary.jar:?]
	at net.coderbot.iris.gui.screen.ShaderPackScreen.method_25402(ShaderPackScreen.java:180) ~[iris-mc1.19.2-1.5.0.jar:?]
	at net.minecraft.class_312.method_1611(class_312.java:94) ~[client-intermediary.jar:?]
	at net.minecraft.class_437.method_25412(class_437.java:489) ~[client-intermediary.jar:?]
	at net.minecraft.class_312.method_1601(class_312.java:94) ~[client-intermediary.jar:?]
	at net.minecraft.class_312.method_22686(class_312.java:165) ~[client-intermediary.jar:?]
	at net.minecraft.class_1255.execute(class_1255.java:103) ~[client-intermediary.jar:?]
	at net.minecraft.class_312.method_22684(class_312.java:165) ~[client-intermediary.jar:?]
	at org.lwjgl.glfw.GLFWMouseButtonCallbackI.callback(GLFWMouseButtonCallbackI.java:43) [lwjgl-glfw-3.3.1.jar:?]
	at org.lwjgl.system.JNI.invokeV(Native Method) ~[lwjgl-3.3.1.jar:?]
	at org.lwjgl.glfw.GLFW.glfwPollEvents(GLFW.java:3403) [lwjgl-glfw-3.3.1.jar:?]
	at com.mojang.blaze3d.systems.RenderSystem.flipFrame(RenderSystem.java:197) [client-intermediary.jar:?]
	at net.minecraft.class_1041.method_15998(class_1041.java:315) [client-intermediary.jar:?]
	at net.minecraft.class_310.method_1523(class_310.java:1205) [client-intermediary.jar:?]
	at net.minecraft.class_310.method_1514(class_310.java:768) [client-intermediary.jar:?]
	at net.minecraft.client.main.Main.method_44604(Main.java:244) [client-intermediary.jar:?]
	at net.minecraft.client.main.Main.main(Main.java:51) [client-intermediary.jar:?]
	at net.fabricmc.loader.impl.game.minecraft.MinecraftGameProvider.launch(MinecraftGameProvider.java:461) [fabric-loader-0.14.12.jar:?]
	at net.fabricmc.loader.impl.launch.knot.Knot.launch(Knot.java:74) [fabric-loader-0.14.12.jar:?]
	at net.fabricmc.loader.impl.launch.knot.KnotClient.main(KnotClient.java:23) [fabric-loader-0.14.12.jar:?]
[17:43:45] [Server thread/INFO]: Saving and pausing game...
[17:43:45] [Server thread/INFO]: Saving chunks for level 'ServerLevel[§4『四象传』§9-775717909制作]'/minecraft:overworld
[17:43:45] [Server thread/INFO]: Saving chunks for level 'ServerLevel[§4『四象传』§9-775717909制作]'/minecraft:the_end
[17:43:45] [Server thread/INFO]: Saving chunks for level 'ServerLevel[§4『四象传』§9-775717909制作]'/minecraft:the_nether
[17:43:48] [Server thread/INFO]: Saving and pausing game...
[17:43:48] [Server thread/INFO]: Saving chunks for level 'ServerLevel[§4『四象传』§9-775717909制作]'/minecraft:overworld
[17:43:49] [Server thread/INFO]: Saving chunks for level 'ServerLevel[§4『四象传』§9-775717909制作]'/minecraft:the_end
[17:43:49] [Server thread/INFO]: Saving chunks for level 'ServerLevel[§4『四象传』§9-775717909制作]'/minecraft:the_nether
[17:44:09] [Render thread/INFO]: Destroying pipeline OVERWORLD
[17:44:09] [Render thread/INFO]: Profile: VANILLA (+37 options changed by user)
[17:44:10] [Render thread/INFO]: Using shaderpack: ComplementaryShaders_v4.6.zip
[17:44:10] [Render thread/INFO]: Creating pipeline for dimension OVERWORLD
[17:44:10] [Render thread/INFO]: Starting custom uniform resolving
[17:44:10] [Render thread/WARN]: Failed to resolve uniform rainStrength, reason: Variable shadows build in uniform: rainStrength ( = FunctionCall{clamp {[Id{rainStrength}, Number{0.0}, Number{1.0}]} })
java.lang.Exception: Variable shadows build in uniform: rainStrength
	at net.coderbot.iris.uniforms.custom.CustomUniforms.addVariable(CustomUniforms.java:175) ~[iris-mc1.19.2-1.5.0.jar:?]
	at net.coderbot.iris.uniforms.custom.CustomUniforms.<init>(CustomUniforms.java:56) ~[iris-mc1.19.2-1.5.0.jar:?]
	at net.coderbot.iris.uniforms.custom.CustomUniforms$Builder.build(CustomUniforms.java:317) ~[iris-mc1.19.2-1.5.0.jar:?]
	at net.coderbot.iris.uniforms.custom.CustomUniforms$Builder.build(CustomUniforms.java:329) ~[iris-mc1.19.2-1.5.0.jar:?]
	at net.coderbot.iris.pipeline.newshader.NewWorldRenderingPipeline.<init>(NewWorldRenderingPipeline.java:215) ~[iris-mc1.19.2-1.5.0.jar:?]
	at net.coderbot.iris.Iris.createPipeline(Iris.java:656) ~[iris-mc1.19.2-1.5.0.jar:?]
	at net.coderbot.iris.pipeline.PipelineManager.preparePipeline(PipelineManager.java:34) ~[iris-mc1.19.2-1.5.0.jar:?]
	at net.coderbot.iris.Iris.reload(Iris.java:598) ~[iris-mc1.19.2-1.5.0.jar:?]
	at net.coderbot.iris.apiimpl.IrisApiV0ConfigImpl.setShadersEnabledAndApply(IrisApiV0ConfigImpl.java:28) ~[iris-mc1.19.2-1.5.0.jar:?]
	at net.coderbot.iris.gui.screen.ShaderPackScreen.applyChanges(ShaderPackScreen.java:542) ~[iris-mc1.19.2-1.5.0.jar:?]
	at net.coderbot.iris.gui.screen.ShaderPackScreen.lambda$init$2(ShaderPackScreen.java:227) ~[iris-mc1.19.2-1.5.0.jar:?]
	at net.minecraft.class_4185.method_25306(class_4185.java:43) ~[client-intermediary.jar:?]
	at net.minecraft.class_4264.method_25348(class_4264.java:16) ~[client-intermediary.jar:?]
	at net.minecraft.class_339.method_25402(class_339.java:120) ~[client-intermediary.jar:?]
	at net.minecraft.class_4069.method_25402(class_4069.java:27) ~[client-intermediary.jar:?]
	at net.coderbot.iris.gui.screen.ShaderPackScreen.method_25402(ShaderPackScreen.java:180) ~[iris-mc1.19.2-1.5.0.jar:?]
	at net.minecraft.class_312.method_1611(class_312.java:94) ~[client-intermediary.jar:?]
	at net.minecraft.class_437.method_25412(class_437.java:489) ~[client-intermediary.jar:?]
	at net.minecraft.class_312.method_1601(class_312.java:94) ~[client-intermediary.jar:?]
	at net.minecraft.class_312.method_22686(class_312.java:165) ~[client-intermediary.jar:?]
	at net.minecraft.class_1255.execute(class_1255.java:103) ~[client-intermediary.jar:?]
	at net.minecraft.class_312.method_22684(class_312.java:165) ~[client-intermediary.jar:?]
	at org.lwjgl.glfw.GLFWMouseButtonCallbackI.callback(GLFWMouseButtonCallbackI.java:43) [lwjgl-glfw-3.3.1.jar:?]
	at org.lwjgl.system.JNI.invokeV(Native Method) ~[lwjgl-3.3.1.jar:?]
	at org.lwjgl.glfw.GLFW.glfwPollEvents(GLFW.java:3403) [lwjgl-glfw-3.3.1.jar:?]
	at com.mojang.blaze3d.systems.RenderSystem.flipFrame(RenderSystem.java:197) [client-intermediary.jar:?]
	at net.minecraft.class_1041.method_15998(class_1041.java:315) [client-intermediary.jar:?]
	at net.minecraft.class_310.method_1523(class_310.java:1205) [client-intermediary.jar:?]
	at net.minecraft.class_310.method_1514(class_310.java:768) [client-intermediary.jar:?]
	at net.minecraft.client.main.Main.method_44604(Main.java:244) [client-intermediary.jar:?]
	at net.minecraft.client.main.Main.main(Main.java:51) [client-intermediary.jar:?]
	at net.fabricmc.loader.impl.game.minecraft.MinecraftGameProvider.launch(MinecraftGameProvider.java:461) [fabric-loader-0.14.12.jar:?]
	at net.fabricmc.loader.impl.launch.knot.Knot.launch(Knot.java:74) [fabric-loader-0.14.12.jar:?]
	at net.fabricmc.loader.impl.launch.knot.KnotClient.main(KnotClient.java:23) [fabric-loader-0.14.12.jar:?]
[17:44:11] [Render thread/WARN]: [Patcher] gl_FragColor is not supported yet, please use gl_FragData! Assuming that the shaderpack author intended to use gl_FragData[0]...
[17:44:19] [Server thread/INFO]: Saving and pausing game...
[17:44:19] [Server thread/INFO]: Saving chunks for level 'ServerLevel[§4『四象传』§9-775717909制作]'/minecraft:overworld
[17:44:19] [Server thread/INFO]: Saving chunks for level 'ServerLevel[§4『四象传』§9-775717909制作]'/minecraft:the_end
[17:44:19] [Server thread/INFO]: Saving chunks for level 'ServerLevel[§4『四象传』§9-775717909制作]'/minecraft:the_nether
[17:44:27] [Render thread/INFO]: Destroying pipeline OVERWORLD
[17:44:27] [Render thread/INFO]: Profile: HIGH (+37 options changed by user)
[17:44:27] [Render thread/INFO]: Using shaderpack: ComplementaryShaders_v4.6.zip
[17:44:27] [Render thread/INFO]: Creating pipeline for dimension OVERWORLD
[17:44:27] [Render thread/INFO]: Starting custom uniform resolving
[17:44:27] [Render thread/WARN]: Failed to resolve uniform rainStrength, reason: Variable shadows build in uniform: rainStrength ( = FunctionCall{clamp {[Id{rainStrength}, Number{0.0}, Number{1.0}]} })
java.lang.Exception: Variable shadows build in uniform: rainStrength
	at net.coderbot.iris.uniforms.custom.CustomUniforms.addVariable(CustomUniforms.java:175) ~[iris-mc1.19.2-1.5.0.jar:?]
	at net.coderbot.iris.uniforms.custom.CustomUniforms.<init>(CustomUniforms.java:56) ~[iris-mc1.19.2-1.5.0.jar:?]
	at net.coderbot.iris.uniforms.custom.CustomUniforms$Builder.build(CustomUniforms.java:317) ~[iris-mc1.19.2-1.5.0.jar:?]
	at net.coderbot.iris.uniforms.custom.CustomUniforms$Builder.build(CustomUniforms.java:329) ~[iris-mc1.19.2-1.5.0.jar:?]
	at net.coderbot.iris.pipeline.newshader.NewWorldRenderingPipeline.<init>(NewWorldRenderingPipeline.java:215) ~[iris-mc1.19.2-1.5.0.jar:?]
	at net.coderbot.iris.Iris.createPipeline(Iris.java:656) ~[iris-mc1.19.2-1.5.0.jar:?]
	at net.coderbot.iris.pipeline.PipelineManager.preparePipeline(PipelineManager.java:34) ~[iris-mc1.19.2-1.5.0.jar:?]
	at net.coderbot.iris.Iris.reload(Iris.java:598) ~[iris-mc1.19.2-1.5.0.jar:?]
	at net.coderbot.iris.apiimpl.IrisApiV0ConfigImpl.setShadersEnabledAndApply(IrisApiV0ConfigImpl.java:28) ~[iris-mc1.19.2-1.5.0.jar:?]
	at net.coderbot.iris.gui.screen.ShaderPackScreen.applyChanges(ShaderPackScreen.java:542) ~[iris-mc1.19.2-1.5.0.jar:?]
	at net.coderbot.iris.gui.screen.ShaderPackScreen.lambda$init$2(ShaderPackScreen.java:227) ~[iris-mc1.19.2-1.5.0.jar:?]
	at net.minecraft.class_4185.method_25306(class_4185.java:43) ~[client-intermediary.jar:?]
	at net.minecraft.class_4264.method_25348(class_4264.java:16) ~[client-intermediary.jar:?]
	at net.minecraft.class_339.method_25402(class_339.java:120) ~[client-intermediary.jar:?]
	at net.minecraft.class_4069.method_25402(class_4069.java:27) ~[client-intermediary.jar:?]
	at net.coderbot.iris.gui.screen.ShaderPackScreen.method_25402(ShaderPackScreen.java:180) ~[iris-mc1.19.2-1.5.0.jar:?]
	at net.minecraft.class_312.method_1611(class_312.java:94) ~[client-intermediary.jar:?]
	at net.minecraft.class_437.method_25412(class_437.java:489) ~[client-intermediary.jar:?]
	at net.minecraft.class_312.method_1601(class_312.java:94) ~[client-intermediary.jar:?]
	at net.minecraft.class_312.method_22686(class_312.java:165) ~[client-intermediary.jar:?]
	at net.minecraft.class_1255.execute(class_1255.java:103) ~[client-intermediary.jar:?]
	at net.minecraft.class_312.method_22684(class_312.java:165) ~[client-intermediary.jar:?]
	at org.lwjgl.glfw.GLFWMouseButtonCallbackI.callback(GLFWMouseButtonCallbackI.java:43) [lwjgl-glfw-3.3.1.jar:?]
	at org.lwjgl.system.JNI.invokeV(Native Method) ~[lwjgl-3.3.1.jar:?]
	at org.lwjgl.glfw.GLFW.glfwPollEvents(GLFW.java:3403) [lwjgl-glfw-3.3.1.jar:?]
	at com.mojang.blaze3d.systems.RenderSystem.flipFrame(RenderSystem.java:197) [client-intermediary.jar:?]
	at net.minecraft.class_1041.method_15998(class_1041.java:315) [client-intermediary.jar:?]
	at net.minecraft.class_310.method_1523(class_310.java:1205) [client-intermediary.jar:?]
	at net.minecraft.class_310.method_1514(class_310.java:768) [client-intermediary.jar:?]
	at net.minecraft.client.main.Main.method_44604(Main.java:244) [client-intermediary.jar:?]
	at net.minecraft.client.main.Main.main(Main.java:51) [client-intermediary.jar:?]
	at net.fabricmc.loader.impl.game.minecraft.MinecraftGameProvider.launch(MinecraftGameProvider.java:461) [fabric-loader-0.14.12.jar:?]
	at net.fabricmc.loader.impl.launch.knot.Knot.launch(Knot.java:74) [fabric-loader-0.14.12.jar:?]
	at net.fabricmc.loader.impl.launch.knot.KnotClient.main(KnotClient.java:23) [fabric-loader-0.14.12.jar:?]
[17:44:35] [Render thread/INFO]: Destroying pipeline OVERWORLD
[17:44:35] [Render thread/INFO]: Shaders are disabled because enableShaders is set to false in iris.properties
[17:44:35] [Render thread/INFO]: Shaders are disabled
[17:44:35] [Render thread/INFO]: Creating pipeline for dimension OVERWORLD
[17:44:35] [Render thread/INFO]: Stopping worker threads
[17:44:35] [Render thread/INFO]: Started 2 worker threads
[17:44:46] [Server thread/INFO]: [RuoBai07: 已将自己的游戏模式设置为旁观模式]
[17:44:46] [Render thread/INFO]: [CHAT] [17:44:46] 已将自己的游戏模式设置为旁观模式
[17:44:54] [Server thread/INFO]: Saving and pausing game...
[17:44:54] [Server thread/INFO]: Saving chunks for level 'ServerLevel[§4『四象传』§9-775717909制作]'/minecraft:overworld
[17:44:54] [Server thread/INFO]: Saving chunks for level 'ServerLevel[§4『四象传』§9-775717909制作]'/minecraft:the_end
[17:44:54] [Server thread/INFO]: Saving chunks for level 'ServerLevel[§4『四象传』§9-775717909制作]'/minecraft:the_nether
[17:45:01] [Render thread/INFO]: Destroying pipeline OVERWORLD
[17:45:01] [Render thread/INFO]: Profile: HIGH (+37 options changed by user)
[17:45:02] [Render thread/INFO]: Using shaderpack: ComplementaryShaders_v4.6.zip
[17:45:02] [Render thread/INFO]: Creating pipeline for dimension OVERWORLD
[17:45:02] [Render thread/INFO]: Starting custom uniform resolving
[17:45:02] [Render thread/WARN]: Failed to resolve uniform rainStrength, reason: Variable shadows build in uniform: rainStrength ( = FunctionCall{clamp {[Id{rainStrength}, Number{0.0}, Number{1.0}]} })
java.lang.Exception: Variable shadows build in uniform: rainStrength
	at net.coderbot.iris.uniforms.custom.CustomUniforms.addVariable(CustomUniforms.java:175) ~[iris-mc1.19.2-1.5.0.jar:?]
	at net.coderbot.iris.uniforms.custom.CustomUniforms.<init>(CustomUniforms.java:56) ~[iris-mc1.19.2-1.5.0.jar:?]
	at net.coderbot.iris.uniforms.custom.CustomUniforms$Builder.build(CustomUniforms.java:317) ~[iris-mc1.19.2-1.5.0.jar:?]
	at net.coderbot.iris.uniforms.custom.CustomUniforms$Builder.build(CustomUniforms.java:329) ~[iris-mc1.19.2-1.5.0.jar:?]
	at net.coderbot.iris.pipeline.newshader.NewWorldRenderingPipeline.<init>(NewWorldRenderingPipeline.java:215) ~[iris-mc1.19.2-1.5.0.jar:?]
	at net.coderbot.iris.Iris.createPipeline(Iris.java:656) ~[iris-mc1.19.2-1.5.0.jar:?]
	at net.coderbot.iris.pipeline.PipelineManager.preparePipeline(PipelineManager.java:34) ~[iris-mc1.19.2-1.5.0.jar:?]
	at net.coderbot.iris.Iris.reload(Iris.java:598) ~[iris-mc1.19.2-1.5.0.jar:?]
	at net.coderbot.iris.apiimpl.IrisApiV0ConfigImpl.setShadersEnabledAndApply(IrisApiV0ConfigImpl.java:28) ~[iris-mc1.19.2-1.5.0.jar:?]
	at net.coderbot.iris.gui.screen.ShaderPackScreen.applyChanges(ShaderPackScreen.java:542) ~[iris-mc1.19.2-1.5.0.jar:?]
	at net.coderbot.iris.gui.screen.ShaderPackScreen.method_25419(ShaderPackScreen.java:503) ~[iris-mc1.19.2-1.5.0.jar:?]
	at net.coderbot.iris.gui.screen.ShaderPackScreen.lambda$init$1(ShaderPackScreen.java:224) ~[iris-mc1.19.2-1.5.0.jar:?]
	at net.minecraft.class_4185.method_25306(class_4185.java:43) ~[client-intermediary.jar:?]
	at net.minecraft.class_4264.method_25348(class_4264.java:16) ~[client-intermediary.jar:?]
	at net.minecraft.class_339.method_25402(class_339.java:120) ~[client-intermediary.jar:?]
	at net.minecraft.class_4069.method_25402(class_4069.java:27) ~[client-intermediary.jar:?]
	at net.coderbot.iris.gui.screen.ShaderPackScreen.method_25402(ShaderPackScreen.java:180) ~[iris-mc1.19.2-1.5.0.jar:?]
	at net.minecraft.class_312.method_1611(class_312.java:94) ~[client-intermediary.jar:?]
	at net.minecraft.class_437.method_25412(class_437.java:489) ~[client-intermediary.jar:?]
	at net.minecraft.class_312.method_1601(class_312.java:94) ~[client-intermediary.jar:?]
	at net.minecraft.class_312.method_22686(class_312.java:165) ~[client-intermediary.jar:?]
	at net.minecraft.class_1255.execute(class_1255.java:103) ~[client-intermediary.jar:?]
	at net.minecraft.class_312.method_22684(class_312.java:165) ~[client-intermediary.jar:?]
	at org.lwjgl.glfw.GLFWMouseButtonCallbackI.callback(GLFWMouseButtonCallbackI.java:43) [lwjgl-glfw-3.3.1.jar:?]
	at org.lwjgl.system.JNI.invokeV(Native Method) ~[lwjgl-3.3.1.jar:?]
	at org.lwjgl.glfw.GLFW.glfwPollEvents(GLFW.java:3403) [lwjgl-glfw-3.3.1.jar:?]
	at com.mojang.blaze3d.systems.RenderSystem.flipFrame(RenderSystem.java:197) [client-intermediary.jar:?]
	at net.minecraft.class_1041.method_15998(class_1041.java:315) [client-intermediary.jar:?]
	at net.minecraft.class_310.method_1523(class_310.java:1205) [client-intermediary.jar:?]
	at net.minecraft.class_310.method_1514(class_310.java:768) [client-intermediary.jar:?]
	at net.minecraft.client.main.Main.method_44604(Main.java:244) [client-intermediary.jar:?]
	at net.minecraft.client.main.Main.main(Main.java:51) [client-intermediary.jar:?]
	at net.fabricmc.loader.impl.game.minecraft.MinecraftGameProvider.launch(MinecraftGameProvider.java:461) [fabric-loader-0.14.12.jar:?]
	at net.fabricmc.loader.impl.launch.knot.Knot.launch(Knot.java:74) [fabric-loader-0.14.12.jar:?]
	at net.fabricmc.loader.impl.launch.knot.KnotClient.main(KnotClient.java:23) [fabric-loader-0.14.12.jar:?]
[17:45:02] [Render thread/INFO]: Stopping worker threads
[17:45:02] [Render thread/INFO]: Started 2 worker threads
[17:45:06] [Server thread/INFO]: Saving and pausing game...
[17:45:06] [Server thread/INFO]: Saving chunks for level 'ServerLevel[§4『四象传』§9-775717909制作]'/minecraft:overworld
[17:45:06] [Server thread/INFO]: Saving chunks for level 'ServerLevel[§4『四象传』§9-775717909制作]'/minecraft:the_end
[17:45:06] [Server thread/INFO]: Saving chunks for level 'ServerLevel[§4『四象传』§9-775717909制作]'/minecraft:the_nether
[17:45:16] [Server thread/INFO]: [RuoBai07: 已将自己的游戏模式设置为生存模式]
[17:45:16] [Render thread/INFO]: [CHAT] [17:45:16] 已将自己的游戏模式设置为生存模式
[17:45:37] [Render thread/INFO]: Loaded 11 advancements
[17:45:38] [Render thread/INFO]: Loaded 12 advancements
[17:45:39] [Render thread/INFO]: Loaded 14 advancements
[17:45:39] [Render thread/INFO]: Loaded 15 advancements
[17:45:56] [Render thread/INFO]: Loaded 16 advancements
[17:46:01] [Render thread/INFO]: Loaded 18 advancements
[17:46:02] [Render thread/INFO]: Loaded 21 advancements
[17:46:16] [Render thread/WARN]: Unable to play empty soundEvent: minecraft:block.roots.step
[17:47:44] [Render thread/INFO]: Loaded 44 advancements
[17:47:44] [Render thread/INFO]: Loaded 53 advancements
[17:47:55] [Server thread/INFO]: [RuoBai07: 已将自己的游戏模式设置为旁观模式]
[17:47:55] [Render thread/INFO]: [CHAT] [17:47:55] 已将自己的游戏模式设置为旁观模式
[17:48:00] [Render thread/ERROR]: ########## GL ERROR ##########
[17:48:00] [Render thread/ERROR]: @ Render
[17:48:00] [Render thread/ERROR]: 65540: Invalid scancode -1
[17:48:07] [Server thread/INFO]: Saving and pausing game...
[17:48:07] [Server thread/INFO]: Saving chunks for level 'ServerLevel[§4『四象传』§9-775717909制作]'/minecraft:overworld
[17:48:07] [Server thread/INFO]: Saving chunks for level 'ServerLevel[§4『四象传』§9-775717909制作]'/minecraft:the_end
[17:48:07] [Server thread/INFO]: Saving chunks for level 'ServerLevel[§4『四象传』§9-775717909制作]'/minecraft:the_nether
[17:48:13] [Render thread/INFO]: Reloading ResourceManager: Default, Fabric Mods (Runtime Resource Pack, AdvancementInfo, Animatica, AntiGhost, AttributeFix, Better Mount HUD, Borderless Mining, CaffeineConfig, Capes, Custom Entity Models, CheatUtils, CIT Resewn, CIT Resewn: Defaults, Cloth Config v8, Colormatic, completeconfig-base, conditional mixin, Continuity, Cull Less Leaves, Debugify, Dynamic FPS, Enhanced Block Entities, Entity Texture Features, EntityCulling-Fabric, Fabric API, Fabric API Base, Fabric API Lookup API (v1), Fabric Biome API (v1), Fabric Block API (v1), Fabric BlockRenderLayer Registration (v1), Fabric Client Tags, Fabric Command API (v1), Fabric Command API (v2), Fabric Commands (v0), Fabric Containers (v0), Fabric Content Registries (v0), Fabric Convention Tags, Fabric Crash Report Info (v1), Fabric Data Generation API (v1), Fabric Dimensions API (v1), Fabric Entity Events (v1), Fabric Events Interaction (v0), Fabric Events Lifecycle (v0), Fabric Game Rule API (v1), Fabric Item API (v1), Fabric Item Groups (v0), Fabric Key Binding API (v1), Fabric Key Bindings (v0), Fabric Language Kotlin, Fabric Lifecycle Events (v1), Fabric Loot API (v2), Fabric Loot Tables (v1), Fabric Message API (v1), Fabric Mining Level API (v1), Fabric Models (v0), Fabric Networking API (v1), Fabric Networking (v0), Fabric Object Builder API (v1), Fabric Particles (v1), Fabric Registry Sync (v0), Fabric Renderer API (v1), Fabric Renderer - Indigo, Fabric Renderer Registries (v1), Fabric Rendering Data Attachment (v1), Fabric Rendering Fluids (v1), Fabric Rendering (v0), Fabric Rendering (v1), Fabric Resource Conditions API (v1), Fabric Resource Loader (v0), Fabric Screen API (v1), Fabric Screen Handler API (v1), Fabric Sound API (v1), Fabric Textures (v0), Fabric Transfer API (v1), Fabric Transitive Access Wideners (v1), Fabric Loader, FabricSkyBoxes, Fabrishot, Farsight Mod, FabricSkyBoxes Interop, Indium, Iris, Item Model Fix, Journeymap, LambdaBetterGrass, LambDynamicLights, Language Reload, LazyDFU, Litematica, Litematica Printer, Lithium, MaLiLib, memory Leak Fix, MidnightControls, MidnightLib, MixinTrace, Mod Menu, MoreChatHistory, No Chat Reports, No Fade, OmegaConfig, OptiGUI, Pride Lib, Puzzle, Puzzle Base, Puzzle GUI, Puzzle Models, Puzzle Splash Screen, Reese's Sodium Options, Replay Mod, Smooth Boot, Sodium, Sodium Extra, SpruceUI, Starlight, TES, Tweakeroo, YetAnotherConfigLib, YOSBR, Zoomify), lambdabettergrass/default, continuity/default, continuity/glass_pane_culling_fix, Mod Menu Helper.zip, Minecraft-Mod-Language-Modpack-1-18-FabricT1-19-1o2-Fabric.zip, Firework 2023 RESSOURCEPACK by Skyblock Squad.zip, replaymod_lang
[17:48:13] [Render thread/INFO]: [LambdaBetterGrass] Inject generated resource packs.
[17:48:13] [Render thread/INFO]: ARRP register - before vanilla
[17:48:13] [Render thread/INFO]: ARRP register - after vanilla
[17:48:13] [Render thread/ERROR]: [citresewn] Caution! Broken paths is enabled!
[17:48:15] [Worker-Main-45/WARN]: Unable to resolve texture reference: #missing in minecraft:item/melon_seeds
[17:48:15] [Worker-Main-45/WARN]: Texture minecraft:item/scheinwerferlogo with size 534x542 limits mip level from 4 to 1
[17:48:15] [Worker-Main-45/WARN]: minecraft:textures/atlas/blocks.png: dropping miplevel from 4 to 1, because of minimum power of two: 2
[17:48:16] [Render thread/INFO]: emissive suffixes loaded: {_e}
[17:48:16] [Render thread/WARN]: Missing sound for event: minecraft:item.goat_horn.play
[17:48:16] [Render thread/WARN]: Missing sound for event: minecraft:entity.goat.screaming.horn_break
[17:48:16] [Render thread/INFO]: OpenAL initialized on device OpenAL Soft on Realtek HD Audio 2nd output (Realtek High Definition Audio)
[17:48:16] [Render thread/INFO]: Sound engine started
[17:48:16] [Render thread/INFO]: Created: 2048x2048x1 minecraft:textures/atlas/blocks.png-atlas
[17:48:16] [Render thread/INFO]: Created: 256x128x4 minecraft:textures/atlas/signs.png-atlas
[17:48:16] [Render thread/INFO]: Created: 512x512x4 minecraft:textures/atlas/banner_patterns.png-atlas
[17:48:16] [Render thread/INFO]: Created: 512x512x4 minecraft:textures/atlas/shield_patterns.png-atlas
[17:48:16] [Render thread/INFO]: Created: 256x256x4 minecraft:textures/atlas/chest.png-atlas
[17:48:16] [Render thread/INFO]: Created: 512x256x4 minecraft:textures/atlas/beds.png-atlas
[17:48:16] [Render thread/INFO]: Created: 512x256x4 minecraft:textures/atlas/shulker_boxes.png-atlas
[17:48:17] [Render thread/WARN]: Shader rendertype_entity_translucent_emissive could not find sampler named Sampler2 in the specified shader program.
[17:48:17] [Render thread/INFO]: Created: 256x256x0 minecraft:textures/atlas/particles.png-atlas
[17:48:17] [Render thread/INFO]: Created: 256x256x0 minecraft:textures/atlas/paintings.png-atlas
[17:48:17] [Render thread/INFO]: Created: 128x128x0 minecraft:textures/atlas/mob_effects.png-atlas
[17:48:17] [Render thread/WARN]: Removing existing FSB skies...
[17:48:17] [Render thread/WARN]: FSB-Interop is preventing native FabricSkyBoxes resource packs from loading!
[17:48:17] [Render thread/WARN]: FSB-Interop is converting MCPatcher/OptiFine custom skies resource packs! Any visual bugs are likely caused by FSB-Interop. Please do not report these issues to FabricSkyBoxes nor Resource Pack creators!
[17:48:17] [Render thread/INFO]: Looking for OptiFine/MCPatcher Skies...
[17:48:18] [Render thread/INFO]: Stopping worker threads
[17:48:18] [Render thread/INFO]: Started 2 worker threads
[17:48:19] [Render thread/WARN]: Received passengers for unknown entity
[17:48:24] [Server thread/INFO]: [RuoBai07: 天气已设为晴天]
[17:48:24] [Render thread/INFO]: [CHAT] [17:48:24] 天气已设为晴天
[17:48:28] [Server thread/INFO]: [RuoBai07: 已将时间设为1000]
[17:48:28] [Render thread/INFO]: [CHAT] [17:48:28] 已将时间设为1000
[17:48:31] [Render thread/WARN]: Received passengers for unknown entity
[17:48:45] [Render thread/INFO]: [CHAT] [17:48:45] 未知或不完整的命令，错误见下
[17:48:45] [Render thread/INFO]: [CHAT] [17:48:45] gfg g<--[此处]
[17:48:46] [Server thread/INFO]: [RuoBai07: 已将自己的游戏模式设置为创造模式]
[17:48:46] [Render thread/INFO]: [CHAT] [17:48:46] 已将自己的游戏模式设置为创造模式
[17:48:53] [Render thread/INFO]: Loaded 53 advancements
[17:48:57] [Render thread/WARN]: Received passengers for unknown entity
[17:48:58] [JM-task-4/WARN]: Bad block at 0,0,13. Total bad blocks: 1
[17:49:00] [Server thread/INFO]: Saving and pausing game...
[17:49:00] [Server thread/INFO]: Saving chunks for level 'ServerLevel[§4『四象传』§9-775717909制作]'/minecraft:overworld
[17:49:00] [Server thread/INFO]: Saving chunks for level 'ServerLevel[§4『四象传』§9-775717909制作]'/minecraft:the_end
[17:49:00] [Server thread/INFO]: Saving chunks for level 'ServerLevel[§4『四象传』§9-775717909制作]'/minecraft:the_nether
[17:49:13] [Server thread/INFO]: RuoBai07取得了进度[扣下悬刀]
[17:49:13] [Render thread/INFO]: [CHAT] [17:49:13] RuoBai07取得了进度[扣下悬刀]
[17:49:13] [Render thread/INFO]: Loaded 53 advancements
[17:49:13] [Server thread/INFO]: RuoBai07取得了进度[瞄准目标]
[17:49:13] [Render thread/INFO]: [CHAT] [17:49:13] RuoBai07取得了进度[瞄准目标]
[17:49:13] [Render thread/INFO]: Loaded 55 advancements
[17:49:19] [Server thread/INFO]: RuoBai07取得了进度[怪物猎人]
[17:49:19] [Server thread/INFO]: Named entity class_1613['烈火护卫'/686, l='ServerLevel[§4『四象传』§9-775717909制作]', x=-48.70, y=146.00, z=884.30] died: 烈火护卫被RuoBai07用[诸葛连弩]射杀
[17:49:19] [Render thread/INFO]: [CHAT] [17:49:19] RuoBai07取得了进度[怪物猎人]
[17:49:19] [Render thread/INFO]: Loaded 56 advancements
[17:49:45] [Server thread/INFO]: Named entity class_1613['烈火护卫'/682, l='ServerLevel[§4『四象传』§9-775717909制作]', x=-40.59, y=145.00, z=902.31] died: 烈火护卫被RuoBai07用[诸葛连弩]射杀
[17:49:49] [Server thread/INFO]: Named entity class_1613['烈火护卫'/687, l='ServerLevel[§4『四象传』§9-775717909制作]', x=-33.20, y=145.00, z=899.57] died: 烈火护卫被RuoBai07用[诸葛连弩]射杀
[17:49:50] [Server thread/INFO]: Named entity class_1613['烈火护卫'/680, l='ServerLevel[§4『四象传』§9-775717909制作]', x=-25.81, y=145.00, z=898.56] died: 烈火护卫被RuoBai07用[诸葛连弩]射杀
[17:49:55] [Server thread/INFO]: Named entity class_1613['烈火护卫'/688, l='ServerLevel[§4『四象传』§9-775717909制作]', x=-28.51, y=146.00, z=905.60] died: 烈火护卫被RuoBai07用[诸葛连弩]射杀
[17:49:57] [Render thread/INFO]: Loaded 57 advancements
[17:50:09] [Server thread/INFO]: Named entity class_1613['烈火护卫'/689, l='ServerLevel[§4『四象传』§9-775717909制作]', x=-49.70, y=145.00, z=888.30] died: 烈火护卫被RuoBai07用[诸葛连弩]射杀
[17:50:27] [Server thread/INFO]: [RuoBai07: 已将自己的游戏模式设置为旁观模式]
[17:50:27] [Render thread/INFO]: [CHAT] [17:50:27] 已将自己的游戏模式设置为旁观模式
[17:50:37] [Server thread/INFO]: [RuoBai07: 已将自己的游戏模式设置为创造模式]
[17:50:37] [Render thread/INFO]: [CHAT] [17:50:37] 已将自己的游戏模式设置为创造模式
[17:50:39] [Render thread/WARN]: Received passengers for unknown entity
[17:51:08] [Render thread/WARN]: Received passengers for unknown entity
[17:51:12] [Server thread/INFO]: Saving and pausing game...
[17:51:12] [Server thread/INFO]: Saving chunks for level 'ServerLevel[§4『四象传』§9-775717909制作]'/minecraft:overworld
[17:51:12] [Server thread/INFO]: Saving chunks for level 'ServerLevel[§4『四象传』§9-775717909制作]'/minecraft:the_end
[17:51:12] [Server thread/INFO]: Saving chunks for level 'ServerLevel[§4『四象传』§9-775717909制作]'/minecraft:the_nether
[17:51:12] [Server thread/INFO]: Saving and pausing game...
[17:51:12] [Server thread/INFO]: Saving chunks for level 'ServerLevel[§4『四象传』§9-775717909制作]'/minecraft:overworld
[17:51:13] [Server thread/INFO]: Saving chunks for level 'ServerLevel[§4『四象传』§9-775717909制作]'/minecraft:the_end
[17:51:13] [Server thread/INFO]: Saving chunks for level 'ServerLevel[§4『四象传』§9-775717909制作]'/minecraft:the_nether
[17:51:22] [Render thread/INFO]: [CHAT] [17:51:22] 游戏规则keepInventory目前为：true
[17:51:25] [Server thread/INFO]: RuoBai07掉出了这个世界
[17:51:25] [Server thread/INFO]: [RuoBai07: 杀死了RuoBai07]
[17:51:25] [Render thread/INFO]: [CHAT] [17:51:25] RuoBai07掉出了这个世界
[17:51:25] [Render thread/INFO]: RuoBai07 died at class_2338{x=242, y=157, z=434}. Deathpoints enabled: true. Deathpoint created: true
[17:51:25] [Render thread/INFO]: [CHAT] [17:51:25] 杀死了RuoBai07
[17:51:26] [Render thread/INFO]: [STDOUT]: Initializing printer, player: class_746['RuoBai07'/73, l='ClientLevel', x=60.50, y=156.10, z=535.50], client: net.minecraft.class_310@34243ccd
[17:51:28] [Render thread/WARN]: Received passengers for unknown entity
[17:51:30] [Server thread/INFO]: Saving and pausing game...
[17:51:30] [Server thread/INFO]: Saving chunks for level 'ServerLevel[§4『四象传』§9-775717909制作]'/minecraft:overworld
[17:51:30] [Server thread/INFO]: Saving chunks for level 'ServerLevel[§4『四象传』§9-775717909制作]'/minecraft:the_end
[17:51:30] [Server thread/INFO]: Saving chunks for level 'ServerLevel[§4『四象传』§9-775717909制作]'/minecraft:the_nether
[17:51:31] [Render thread/INFO]: Mapping halted in D:\Users\Administrator\Documents\GitHub\DreamborderX-MC-CommandTest\.minecraft\versions\1.19.2 - Fabulously Optimized\journeymap\data\mp\offline\minecraft:overworld
[17:51:31] [Server thread/INFO]: RuoBai07 lost connection: 连接中断
[17:51:31] [Server thread/INFO]: RuoBai07退出了游戏
[17:51:31] [Server thread/INFO]: Stopping singleplayer server as player logged out
[17:51:31] [Server thread/INFO]: Stopping server
[17:51:31] [Server thread/INFO]: Saving players
[17:51:31] [Server thread/INFO]: Saving worlds
[17:51:31] [Server thread/INFO]: Saving chunks for level 'ServerLevel[§4『四象传』§9-775717909制作]'/minecraft:overworld
[17:51:31] [Server thread/INFO]: Saving chunks for level 'ServerLevel[§4『四象传』§9-775717909制作]'/minecraft:the_end
[17:51:31] [Server thread/INFO]: Saving chunks for level 'ServerLevel[§4『四象传』§9-775717909制作]'/minecraft:the_nether
[17:51:31] [Server thread/INFO]: ThreadedAnvilChunkStorage (四象传): All chunks are saved
[17:51:31] [Server thread/INFO]: ThreadedAnvilChunkStorage (DIM1): All chunks are saved
[17:51:31] [Server thread/INFO]: ThreadedAnvilChunkStorage (DIM-1): All chunks are saved
[17:51:31] [Server thread/INFO]: ThreadedAnvilChunkStorage: All dimensions are saved
[17:51:31] [Render thread/INFO]: Stopping worker threads
[17:51:31] [Render thread/INFO]: emissive suffixes loaded: {_e}
[17:51:32] [Render thread/INFO]: Stopping!
[17:51:32] [Render thread/INFO]: emissive suffixes loaded: {_e}
