[2022-01-31 11:55:04] [Render thread INFO] CustomSkinLoader 14.13-SNAPSHOT-313
[2022-01-31 11:55:04] [Render thread INFO] DataDir: D:\Users\Administrator\Documents\GitHub\DreamborderX-MC-CommandTest\.minecraft\versions\1.16.5_Forge\CustomSkinLoader
[2022-01-31 11:55:04] [Render thread INFO] Operating System: Windows 10 (amd64) version 10.0
[2022-01-31 11:55:04] [Render thread INFO] Java Version: 1.8.0_311, Oracle Corporation
[2022-01-31 11:55:04] [Render thread INFO] Java VM Version: Java HotSpot(TM) 64-Bit Server VM (mixed mode), Oracle Corporation
[2022-01-31 11:55:04] [Render thread INFO] Minecraft: 1.16.5(1.16.5_Forge)
[2022-01-31 11:55:04] [Render thread INFO] Config File: D:\Users\Administrator\Documents\GitHub\DreamborderX-MC-CommandTest\.minecraft\versions\1.16.5_Forge\CustomSkinLoader\CustomSkinLoader.json
[2022-01-31 11:55:04] [Render thread INFO] Config file not found, use default instead.
[2022-01-31 11:55:04] [Render thread INFO] Successfully create config.
[2022-01-31 11:55:04] [Render thread INFO] Add a profile loader: MojangAPI
[2022-01-31 11:55:04] [Render thread INFO] Add a profile loader: Legacy
[2022-01-31 11:55:04] [Render thread INFO] Add a profile loader: CustomSkinAPI
[2022-01-31 11:55:04] [Render thread INFO] Add a profile loader: CustomSKinAPIPlus
[2022-01-31 11:55:04] [Render thread INFO] Add a profile loader: UniSkinAPI
[2022-01-31 11:55:04] [Render thread INFO] Add a profile loader: ElyByAPI
[2022-01-31 11:55:04] [Render thread INFO] Add a profile loader: GlitchlessAPI
[2022-01-31 11:55:04] [Render thread INFO] Successfully update config.
[2022-01-31 11:55:04] [Render thread INFO] version : 14.13
[2022-01-31 11:55:04] [Render thread INFO] buildNumber : 313
[2022-01-31 11:55:04] [Render thread INFO] loadlist : [{ "name": "Mojang", "type": "MojangAPI", "apiRoot": "https://api.mojang.com/", "sessionRoot": "https://sessionserver.mojang.com/" }, { "name": "LittleSkin", "type": "CustomSkinAPI", "root": "https://littlesk.in/csl/" }, { "name": "BlessingSkin", "type": "CustomSkinAPI", "root": "http://skin.prinzeugen.net/" }, { "name": "ElyBy", "type": "ElyByAPI", "root": "http://skinsystem.ely.by/textures/" }, { "name": "SkinMe", "type": "UniSkinAPI", "root": "http://www.skinme.cc/uniskin/" }, { "name": "TLauncher", "type": "ElyByAPI", "root": "https://auth.tlauncher.org/skin/profile/texture/login/" }, { "name": "LocalSkin", "type": "Legacy", "checkPNG": "false", "skin": "LocalSkin/skins/{USERNAME}.png", "model": "auto", "cape": "LocalSkin/capes/{USERNAME}.png", "elytra": "LocalSkin/elytras/{USERNAME}.png" }, { "name": "GlitchlessGames", "type": "GlitchlessAPI", "root": "https://games.glitchless.ru/api/minecraft/users/profiles/textures/?nickname=" }]
[2022-01-31 11:55:04] [Render thread INFO] enableDynamicSkull : true
[2022-01-31 11:55:04] [Render thread INFO] enableTransparentSkin : true
[2022-01-31 11:55:04] [Render thread INFO] forceIgnoreHttpsCertificate : false
[2022-01-31 11:55:04] [Render thread INFO] forceLoadAllTextures : false
[2022-01-31 11:55:04] [Render thread INFO] enableCape : true
[2022-01-31 11:55:04] [Render thread INFO] forceFillSkullNBT : false
[2022-01-31 11:55:04] [Render thread INFO] threadPoolSize : 3
[2022-01-31 11:55:04] [Render thread INFO] retryTime : 1
[2022-01-31 11:55:04] [Render thread INFO] cacheExpiry : 30
[2022-01-31 11:55:04] [Render thread INFO] forceUpdateSkull : false
[2022-01-31 11:55:04] [Render thread INFO] enableLocalProfileCache : false
[2022-01-31 11:55:04] [Render thread INFO] enableCacheAutoClean : false
[2022-01-31 11:55:04] [Render thread INFO] forceDisableCache : false
